2022-11-12 14:27:33.296  INFO 23044 --- [restartedMain] c.e.javaproject.JavaprojectApplication   : Starting JavaprojectApplication using Java 17.0.2 on DESKTOP-6BQAJ6M with PID 23044 (D:\University\javaproject\target\classes started by Lenovo in D:\University\javaproject)
2022-11-12 14:27:33.312  INFO 23044 --- [restartedMain] c.e.javaproject.JavaprojectApplication   : No active profile set, falling back to 1 default profile: "default"
2022-11-12 14:27:33.391  INFO 23044 --- [restartedMain] o.s.b.devtools.restart.ChangeableUrls    : The Class-Path manifest attribute in C:\Users\Lenovo\.m2\repository\com\oracle\database\jdbc\ojdbc8\21.7.0.0\ojdbc8-21.7.0.0.jar referenced one or more files that do not exist: file:/C:/Users/Lenovo/.m2/repository/com/oracle/database/jdbc/ojdbc8/21.7.0.0/oraclepki.jar
2022-11-12 14:27:33.391  INFO 23044 --- [restartedMain] o.s.b.devtools.restart.ChangeableUrls    : The Class-Path manifest attribute in C:\Users\Lenovo\.m2\repository\com\oracle\ojdbc\orai18n\19.3.0.0\orai18n-19.3.0.0.jar referenced one or more files that do not exist: file:/C:/Users/Lenovo/.m2/repository/com/oracle/ojdbc/orai18n/19.3.0.0/orai18n-mapping.jar,file:/C:/Users/Lenovo/.m2/repository/com/oracle/ojdbc/orai18n/19.3.0.0/orai18n-utility.jar,file:/C:/Users/Lenovo/.m2/repository/com/oracle/ojdbc/orai18n/19.3.0.0/orai18n-collation.jar,file:/C:/Users/Lenovo/.m2/repository/com/oracle/ojdbc/orai18n/19.3.0.0/orai18n-translation.jar,file:/C:/Users/Lenovo/.m2/repository/com/oracle/ojdbc/orai18n/19.3.0.0/orai18n-net.jar,file:/C:/Users/Lenovo/.m2/repository/com/oracle/ojdbc/orai18n/19.3.0.0/orai18n-servlet.jar,file:/C:/Users/Lenovo/.m2/repository/com/oracle/ojdbc/orai18n/19.3.0.0/orai18n-lcsd.jar,file:/C:/Users/Lenovo/.m2/repository/com/oracle/ojdbc/orai18n/19.3.0.0/orai18n-tools.jar,file:/C:/Users/Lenovo/.m2/repository/com/oracle/ojdbc/orai18n/19.3.0.0/gdk_custom.jar
2022-11-12 14:27:33.391  INFO 23044 --- [restartedMain] .e.DevToolsPropertyDefaultsPostProcessor : Devtools property defaults active! Set 'spring.devtools.add-properties' to 'false' to disable
2022-11-12 14:27:33.391  INFO 23044 --- [restartedMain] .e.DevToolsPropertyDefaultsPostProcessor : For additional web related logging consider setting the 'logging.level.web' property to 'DEBUG'
2022-11-12 14:27:34.300  INFO 23044 --- [restartedMain] .s.d.r.c.RepositoryConfigurationDelegate : Bootstrapping Spring Data JPA repositories in DEFAULT mode.
2022-11-12 14:27:34.378  INFO 23044 --- [restartedMain] .s.d.r.c.RepositoryConfigurationDelegate : Finished Spring Data repository scanning in 67 ms. Found 2 JPA repository interfaces.
2022-11-12 14:27:35.392  INFO 23044 --- [restartedMain] o.s.b.w.embedded.tomcat.TomcatWebServer  : Tomcat initialized with port(s): 8080 (http)
2022-11-12 14:27:35.408  INFO 23044 --- [restartedMain] o.apache.catalina.core.StandardService   : Starting service [Tomcat]
2022-11-12 14:27:35.408  INFO 23044 --- [restartedMain] org.apache.catalina.core.StandardEngine  : Starting Servlet engine: [Apache Tomcat/9.0.65]
2022-11-12 14:27:35.611  INFO 23044 --- [restartedMain] o.a.c.c.C.[Tomcat].[localhost].[/]       : Initializing Spring embedded WebApplicationContext
2022-11-12 14:27:35.611  INFO 23044 --- [restartedMain] w.s.c.ServletWebServerApplicationContext : Root WebApplicationContext: initialization completed in 2220 ms
2022-11-12 14:27:35.973  INFO 23044 --- [restartedMain] com.zaxxer.hikari.HikariDataSource       : HikariPool-1 - Starting...
2022-11-12 14:27:35.989  WARN 23044 --- [restartedMain] com.zaxxer.hikari.util.DriverDataSource  : Registered driver with driverClassName=oracle.jdbc.driver.OracleDriver was not found, trying direct instantiation.
2022-11-12 14:27:58.201 ERROR 23044 --- [restartedMain] com.zaxxer.hikari.pool.HikariPool        : HikariPool-1 - Exception during pool initialization.

java.sql.SQLRecoverableException: Ошибка ввода/вывода: The Network Adapter could not establish the connection (CONNECTION_ID=zrCa54SqTOajaDpWypYWRg==)
	at oracle.jdbc.driver.T4CConnection.handleLogonNetException(T4CConnection.java:892) ~[ojdbc8-21.7.0.0.jar:21.6.0.0.0]
	at oracle.jdbc.driver.T4CConnection.logon(T4CConnection.java:697) ~[ojdbc8-21.7.0.0.jar:21.6.0.0.0]
	at oracle.jdbc.driver.PhysicalConnection.connect(PhysicalConnection.java:1041) ~[ojdbc8-21.7.0.0.jar:21.6.0.0.0]
	at oracle.jdbc.driver.T4CDriverExtension.getConnection(T4CDriverExtension.java:89) ~[ojdbc8-21.7.0.0.jar:21.6.0.0.0]
	at oracle.jdbc.driver.OracleDriver.connect(OracleDriver.java:732) ~[ojdbc8-21.7.0.0.jar:21.6.0.0.0]
	at oracle.jdbc.driver.OracleDriver.connect(OracleDriver.java:648) ~[ojdbc8-21.7.0.0.jar:21.6.0.0.0]
	at com.zaxxer.hikari.util.DriverDataSource.getConnection(DriverDataSource.java:95) ~[HikariCP-2.6.0.jar:na]
	at com.zaxxer.hikari.util.DriverDataSource.getConnection(DriverDataSource.java:101) ~[HikariCP-2.6.0.jar:na]
	at com.zaxxer.hikari.pool.PoolBase.newConnection(PoolBase.java:346) ~[HikariCP-2.6.0.jar:na]
	at com.zaxxer.hikari.pool.PoolBase.newPoolEntry(PoolBase.java:196) ~[HikariCP-2.6.0.jar:na]
	at com.zaxxer.hikari.pool.HikariPool.createPoolEntry(HikariPool.java:442) ~[HikariCP-2.6.0.jar:na]
	at com.zaxxer.hikari.pool.HikariPool.checkFailFast(HikariPool.java:505) ~[HikariCP-2.6.0.jar:na]
	at com.zaxxer.hikari.pool.HikariPool.<init>(HikariPool.java:113) ~[HikariCP-2.6.0.jar:na]
	at com.zaxxer.hikari.HikariDataSource.getConnection(HikariDataSource.java:97) ~[HikariCP-2.6.0.jar:na]
	at org.springframework.jdbc.datasource.DataSourceUtils.fetchConnection(DataSourceUtils.java:159) ~[spring-jdbc-5.3.23.jar:5.3.23]
	at org.springframework.jdbc.datasource.DataSourceUtils.doGetConnection(DataSourceUtils.java:117) ~[spring-jdbc-5.3.23.jar:5.3.23]
	at org.springframework.jdbc.datasource.DataSourceUtils.getConnection(DataSourceUtils.java:80) ~[spring-jdbc-5.3.23.jar:5.3.23]
	at org.springframework.jdbc.core.JdbcTemplate.execute(JdbcTemplate.java:330) ~[spring-jdbc-5.3.23.jar:5.3.23]
	at org.springframework.boot.jdbc.EmbeddedDatabaseConnection.isEmbedded(EmbeddedDatabaseConnection.java:162) ~[spring-boot-2.7.4.jar:2.7.4]
	at org.springframework.boot.autoconfigure.orm.jpa.HibernateDefaultDdlAutoProvider.getDefaultDdlAuto(HibernateDefaultDdlAutoProvider.java:42) ~[spring-boot-autoconfigure-2.7.4.jar:2.7.4]
	at org.springframework.boot.autoconfigure.orm.jpa.HibernateJpaConfiguration.lambda$getVendorProperties$1(HibernateJpaConfiguration.java:130) ~[spring-boot-autoconfigure-2.7.4.jar:2.7.4]
	at org.springframework.boot.autoconfigure.orm.jpa.HibernateSettings.getDdlAuto(HibernateSettings.java:41) ~[spring-boot-autoconfigure-2.7.4.jar:2.7.4]
	at org.springframework.boot.autoconfigure.orm.jpa.HibernateProperties.determineDdlAuto(HibernateProperties.java:143) ~[spring-boot-autoconfigure-2.7.4.jar:2.7.4]
	at org.springframework.boot.autoconfigure.orm.jpa.HibernateProperties.getAdditionalProperties(HibernateProperties.java:103) ~[spring-boot-autoconfigure-2.7.4.jar:2.7.4]
	at org.springframework.boot.autoconfigure.orm.jpa.HibernateProperties.determineHibernateProperties(HibernateProperties.java:95) ~[spring-boot-autoconfigure-2.7.4.jar:2.7.4]
	at org.springframework.boot.autoconfigure.orm.jpa.HibernateJpaConfiguration.getVendorProperties(HibernateJpaConfiguration.java:132) ~[spring-boot-autoconfigure-2.7.4.jar:2.7.4]
	at org.springframework.boot.autoconfigure.orm.jpa.JpaBaseConfiguration.entityManagerFactory(JpaBaseConfiguration.java:132) ~[spring-boot-autoconfigure-2.7.4.jar:2.7.4]
	at java.base/jdk.internal.reflect.NativeMethodAccessorImpl.invoke0(Native Method) ~[na:na]
	at java.base/jdk.internal.reflect.NativeMethodAccessorImpl.invoke(NativeMethodAccessorImpl.java:77) ~[na:na]
	at java.base/jdk.internal.reflect.DelegatingMethodAccessorImpl.invoke(DelegatingMethodAccessorImpl.java:43) ~[na:na]
	at java.base/java.lang.reflect.Method.invoke(Method.java:568) ~[na:na]
	at org.springframework.beans.factory.support.SimpleInstantiationStrategy.instantiate(SimpleInstantiationStrategy.java:154) ~[spring-beans-5.3.23.jar:5.3.23]
	at org.springframework.beans.factory.support.ConstructorResolver.instantiate(ConstructorResolver.java:653) ~[spring-beans-5.3.23.jar:5.3.23]
	at org.springframework.beans.factory.support.ConstructorResolver.instantiateUsingFactoryMethod(ConstructorResolver.java:638) ~[spring-beans-5.3.23.jar:5.3.23]
	at org.springframework.beans.factory.support.AbstractAutowireCapableBeanFactory.instantiateUsingFactoryMethod(AbstractAutowireCapableBeanFactory.java:1352) ~[spring-beans-5.3.23.jar:5.3.23]
	at org.springframework.beans.factory.support.AbstractAutowireCapableBeanFactory.createBeanInstance(AbstractAutowireCapableBeanFactory.java:1195) ~[spring-beans-5.3.23.jar:5.3.23]
	at org.springframework.beans.factory.support.AbstractAutowireCapableBeanFactory.doCreateBean(AbstractAutowireCapableBeanFactory.java:582) ~[spring-beans-5.3.23.jar:5.3.23]
	at org.springframework.beans.factory.support.AbstractAutowireCapableBeanFactory.createBean(AbstractAutowireCapableBeanFactory.java:542) ~[spring-beans-5.3.23.jar:5.3.23]
	at org.springframework.beans.factory.support.AbstractBeanFactory.lambda$doGetBean$0(AbstractBeanFactory.java:335) ~[spring-beans-5.3.23.jar:5.3.23]
	at org.springframework.beans.factory.support.DefaultSingletonBeanRegistry.getSingleton(DefaultSingletonBeanRegistry.java:234) ~[spring-beans-5.3.23.jar:5.3.23]
	at org.springframework.beans.factory.support.AbstractBeanFactory.doGetBean(AbstractBeanFactory.java:333) ~[spring-beans-5.3.23.jar:5.3.23]
	at org.springframework.beans.factory.support.AbstractBeanFactory.getBean(AbstractBeanFactory.java:208) ~[spring-beans-5.3.23.jar:5.3.23]
	at org.springframework.context.support.AbstractApplicationContext.getBean(AbstractApplicationContext.java:1154) ~[spring-context-5.3.23.jar:5.3.23]
	at org.springframework.context.support.AbstractApplicationContext.finishBeanFactoryInitialization(AbstractApplicationContext.java:908) ~[spring-context-5.3.23.jar:5.3.23]
	at org.springframework.context.support.AbstractApplicationContext.refresh(AbstractApplicationContext.java:583) ~[spring-context-5.3.23.jar:5.3.23]
	at org.springframework.boot.web.servlet.context.ServletWebServerApplicationContext.refresh(ServletWebServerApplicationContext.java:147) ~[spring-boot-2.7.4.jar:2.7.4]
	at org.springframework.boot.SpringApplication.refresh(SpringApplication.java:734) ~[spring-boot-2.7.4.jar:2.7.4]
	at org.springframework.boot.SpringApplication.refreshContext(SpringApplication.java:408) ~[spring-boot-2.7.4.jar:2.7.4]
	at org.springframework.boot.SpringApplication.run(SpringApplication.java:308) ~[spring-boot-2.7.4.jar:2.7.4]
	at org.springframework.boot.SpringApplication.run(SpringApplication.java:1306) ~[spring-boot-2.7.4.jar:2.7.4]
	at org.springframework.boot.SpringApplication.run(SpringApplication.java:1295) ~[spring-boot-2.7.4.jar:2.7.4]
	at com.example.javaproject.JavaprojectApplication.main(JavaprojectApplication.java:22) ~[classes/:na]
	at java.base/jdk.internal.reflect.NativeMethodAccessorImpl.invoke0(Native Method) ~[na:na]
	at java.base/jdk.internal.reflect.NativeMethodAccessorImpl.invoke(NativeMethodAccessorImpl.java:77) ~[na:na]
	at java.base/jdk.internal.reflect.DelegatingMethodAccessorImpl.invoke(DelegatingMethodAccessorImpl.java:43) ~[na:na]
	at java.base/java.lang.reflect.Method.invoke(Method.java:568) ~[na:na]
	at org.springframework.boot.devtools.restart.RestartLauncher.run(RestartLauncher.java:49) ~[spring-boot-devtools-2.7.4.jar:2.7.4]
Caused by: oracle.net.ns.NetException: The Network Adapter could not establish the connection (CONNECTION_ID=zrCa54SqTOajaDpWypYWRg==)
	at oracle.net.nt.ConnStrategy.execute(ConnStrategy.java:694) ~[ojdbc8-21.7.0.0.jar:21.6.0.0.0]
	at oracle.net.resolver.AddrResolution.resolveAndExecute(AddrResolution.java:584) ~[ojdbc8-21.7.0.0.jar:21.6.0.0.0]
	at oracle.net.ns.NSProtocol.establishConnection(NSProtocol.java:938) ~[ojdbc8-21.7.0.0.jar:21.6.0.0.0]
	at oracle.net.ns.NSProtocol.connect(NSProtocol.java:349) ~[ojdbc8-21.7.0.0.jar:21.6.0.0.0]
	at oracle.jdbc.driver.T4CConnection.connect(T4CConnection.java:2442) ~[ojdbc8-21.7.0.0.jar:21.6.0.0.0]
	at oracle.jdbc.driver.T4CConnection.logon(T4CConnection.java:656) ~[ojdbc8-21.7.0.0.jar:21.6.0.0.0]
	... 55 common frames omitted
Caused by: java.io.IOException: Connection timed out: connect, socket connect lapse 21040 ms. 192.168.56.101 1521  30000 (1/1) true
	at oracle.net.nt.TcpNTAdapter.establishSocket(TcpNTAdapter.java:425) ~[ojdbc8-21.7.0.0.jar:21.6.0.0.0]
	at oracle.net.nt.TcpNTAdapter.doLocalDNSLookupConnect(TcpNTAdapter.java:307) ~[ojdbc8-21.7.0.0.jar:21.6.0.0.0]
	at oracle.net.nt.TcpNTAdapter.connect(TcpNTAdapter.java:269) ~[ojdbc8-21.7.0.0.jar:21.6.0.0.0]
	at oracle.net.nt.ConnOption.connect(ConnOption.java:243) ~[ojdbc8-21.7.0.0.jar:21.6.0.0.0]
	at oracle.net.nt.ConnStrategy.executeConnOption(ConnStrategy.java:980) ~[ojdbc8-21.7.0.0.jar:21.6.0.0.0]
	at oracle.net.nt.ConnStrategy.execute(ConnStrategy.java:655) ~[ojdbc8-21.7.0.0.jar:21.6.0.0.0]
	... 60 common frames omitted
Caused by: java.net.ConnectException: Connection timed out: connect
	at java.base/sun.nio.ch.Net.connect0(Native Method) ~[na:na]
	at java.base/sun.nio.ch.Net.connect(Net.java:579) ~[na:na]
	at java.base/sun.nio.ch.Net.connect(Net.java:586) ~[na:na]
	at java.base/sun.nio.ch.SocketChannelImpl.connect(SocketChannelImpl.java:853) ~[na:na]
	at java.base/java.nio.channels.SocketChannel.open(SocketChannel.java:285) ~[na:na]
	at oracle.net.nt.TimeoutSocketChannel.connect(TimeoutSocketChannel.java:183) ~[ojdbc8-21.7.0.0.jar:21.6.0.0.0]
	at oracle.net.nt.TimeoutSocketChannel.<init>(TimeoutSocketChannel.java:157) ~[ojdbc8-21.7.0.0.jar:21.6.0.0.0]
	at oracle.net.nt.TcpNTAdapter.establishSocket(TcpNTAdapter.java:384) ~[ojdbc8-21.7.0.0.jar:21.6.0.0.0]
	... 65 common frames omitted

2022-11-12 14:27:58.263  INFO 23044 --- [restartedMain] o.hibernate.jpa.internal.util.LogHelper  : HHH000204: Processing PersistenceUnitInfo [name: default]
2022-11-12 14:27:58.341  INFO 23044 --- [restartedMain] org.hibernate.Version                    : HHH000412: Hibernate ORM core version 5.6.11.Final
2022-11-12 14:27:58.575  INFO 23044 --- [restartedMain] o.hibernate.annotations.common.Version   : HCANN000001: Hibernate Commons Annotations {5.1.2.Final}
2022-11-12 14:27:58.732  INFO 23044 --- [restartedMain] com.zaxxer.hikari.HikariDataSource       : HikariPool-1 - Starting...
2022-11-12 14:27:58.732  WARN 23044 --- [restartedMain] com.zaxxer.hikari.util.DriverDataSource  : Registered driver with driverClassName=oracle.jdbc.driver.OracleDriver was not found, trying direct instantiation.
2022-11-12 14:28:20.808 ERROR 23044 --- [restartedMain] com.zaxxer.hikari.pool.HikariPool        : HikariPool-1 - Exception during pool initialization.

java.sql.SQLRecoverableException: Ошибка ввода/вывода: The Network Adapter could not establish the connection (CONNECTION_ID=6nMIfH+4QWW8MHbxVZErhg==)
	at oracle.jdbc.driver.T4CConnection.handleLogonNetException(T4CConnection.java:892) ~[ojdbc8-21.7.0.0.jar:21.6.0.0.0]
	at oracle.jdbc.driver.T4CConnection.logon(T4CConnection.java:697) ~[ojdbc8-21.7.0.0.jar:21.6.0.0.0]
	at oracle.jdbc.driver.PhysicalConnection.connect(PhysicalConnection.java:1041) ~[ojdbc8-21.7.0.0.jar:21.6.0.0.0]
	at oracle.jdbc.driver.T4CDriverExtension.getConnection(T4CDriverExtension.java:89) ~[ojdbc8-21.7.0.0.jar:21.6.0.0.0]
	at oracle.jdbc.driver.OracleDriver.connect(OracleDriver.java:732) ~[ojdbc8-21.7.0.0.jar:21.6.0.0.0]
	at oracle.jdbc.driver.OracleDriver.connect(OracleDriver.java:648) ~[ojdbc8-21.7.0.0.jar:21.6.0.0.0]
	at com.zaxxer.hikari.util.DriverDataSource.getConnection(DriverDataSource.java:95) ~[HikariCP-2.6.0.jar:na]
	at com.zaxxer.hikari.util.DriverDataSource.getConnection(DriverDataSource.java:101) ~[HikariCP-2.6.0.jar:na]
	at com.zaxxer.hikari.pool.PoolBase.newConnection(PoolBase.java:346) ~[HikariCP-2.6.0.jar:na]
	at com.zaxxer.hikari.pool.PoolBase.newPoolEntry(PoolBase.java:196) ~[HikariCP-2.6.0.jar:na]
	at com.zaxxer.hikari.pool.HikariPool.createPoolEntry(HikariPool.java:442) ~[HikariCP-2.6.0.jar:na]
	at com.zaxxer.hikari.pool.HikariPool.checkFailFast(HikariPool.java:505) ~[HikariCP-2.6.0.jar:na]
	at com.zaxxer.hikari.pool.HikariPool.<init>(HikariPool.java:113) ~[HikariCP-2.6.0.jar:na]
	at com.zaxxer.hikari.HikariDataSource.getConnection(HikariDataSource.java:97) ~[HikariCP-2.6.0.jar:na]
	at org.hibernate.engine.jdbc.connections.internal.DatasourceConnectionProviderImpl.getConnection(DatasourceConnectionProviderImpl.java:122) ~[hibernate-core-5.6.11.Final.jar:5.6.11.Final]
	at org.hibernate.engine.jdbc.env.internal.JdbcEnvironmentInitiator$ConnectionProviderJdbcConnectionAccess.obtainConnection(JdbcEnvironmentInitiator.java:181) ~[hibernate-core-5.6.11.Final.jar:5.6.11.Final]
	at org.hibernate.engine.jdbc.env.internal.JdbcEnvironmentInitiator.initiateService(JdbcEnvironmentInitiator.java:68) ~[hibernate-core-5.6.11.Final.jar:5.6.11.Final]
	at org.hibernate.engine.jdbc.env.internal.JdbcEnvironmentInitiator.initiateService(JdbcEnvironmentInitiator.java:35) ~[hibernate-core-5.6.11.Final.jar:5.6.11.Final]
	at org.hibernate.boot.registry.internal.StandardServiceRegistryImpl.initiateService(StandardServiceRegistryImpl.java:101) ~[hibernate-core-5.6.11.Final.jar:5.6.11.Final]
	at org.hibernate.service.internal.AbstractServiceRegistryImpl.createService(AbstractServiceRegistryImpl.java:263) ~[hibernate-core-5.6.11.Final.jar:5.6.11.Final]
	at org.hibernate.service.internal.AbstractServiceRegistryImpl.initializeService(AbstractServiceRegistryImpl.java:237) ~[hibernate-core-5.6.11.Final.jar:5.6.11.Final]
	at org.hibernate.service.internal.AbstractServiceRegistryImpl.getService(AbstractServiceRegistryImpl.java:214) ~[hibernate-core-5.6.11.Final.jar:5.6.11.Final]
	at org.hibernate.id.factory.internal.DefaultIdentifierGeneratorFactory.injectServices(DefaultIdentifierGeneratorFactory.java:175) ~[hibernate-core-5.6.11.Final.jar:5.6.11.Final]
	at org.hibernate.service.internal.AbstractServiceRegistryImpl.injectDependencies(AbstractServiceRegistryImpl.java:286) ~[hibernate-core-5.6.11.Final.jar:5.6.11.Final]
	at org.hibernate.service.internal.AbstractServiceRegistryImpl.initializeService(AbstractServiceRegistryImpl.java:243) ~[hibernate-core-5.6.11.Final.jar:5.6.11.Final]
	at org.hibernate.service.internal.AbstractServiceRegistryImpl.getService(AbstractServiceRegistryImpl.java:214) ~[hibernate-core-5.6.11.Final.jar:5.6.11.Final]
	at org.hibernate.boot.internal.InFlightMetadataCollectorImpl.<init>(InFlightMetadataCollectorImpl.java:173) ~[hibernate-core-5.6.11.Final.jar:5.6.11.Final]
	at org.hibernate.boot.model.process.spi.MetadataBuildingProcess.complete(MetadataBuildingProcess.java:127) ~[hibernate-core-5.6.11.Final.jar:5.6.11.Final]
	at org.hibernate.jpa.boot.internal.EntityManagerFactoryBuilderImpl.metadata(EntityManagerFactoryBuilderImpl.java:1460) ~[hibernate-core-5.6.11.Final.jar:5.6.11.Final]
	at org.hibernate.jpa.boot.internal.EntityManagerFactoryBuilderImpl.build(EntityManagerFactoryBuilderImpl.java:1494) ~[hibernate-core-5.6.11.Final.jar:5.6.11.Final]
	at org.springframework.orm.jpa.vendor.SpringHibernateJpaPersistenceProvider.createContainerEntityManagerFactory(SpringHibernateJpaPersistenceProvider.java:58) ~[spring-orm-5.3.23.jar:5.3.23]
	at org.springframework.orm.jpa.LocalContainerEntityManagerFactoryBean.createNativeEntityManagerFactory(LocalContainerEntityManagerFactoryBean.java:365) ~[spring-orm-5.3.23.jar:5.3.23]
	at org.springframework.orm.jpa.AbstractEntityManagerFactoryBean.buildNativeEntityManagerFactory(AbstractEntityManagerFactoryBean.java:409) ~[spring-orm-5.3.23.jar:5.3.23]
	at org.springframework.orm.jpa.AbstractEntityManagerFactoryBean.afterPropertiesSet(AbstractEntityManagerFactoryBean.java:396) ~[spring-orm-5.3.23.jar:5.3.23]
	at org.springframework.orm.jpa.LocalContainerEntityManagerFactoryBean.afterPropertiesSet(LocalContainerEntityManagerFactoryBean.java:341) ~[spring-orm-5.3.23.jar:5.3.23]
	at org.springframework.beans.factory.support.AbstractAutowireCapableBeanFactory.invokeInitMethods(AbstractAutowireCapableBeanFactory.java:1863) ~[spring-beans-5.3.23.jar:5.3.23]
	at org.springframework.beans.factory.support.AbstractAutowireCapableBeanFactory.initializeBean(AbstractAutowireCapableBeanFactory.java:1800) ~[spring-beans-5.3.23.jar:5.3.23]
	at org.springframework.beans.factory.support.AbstractAutowireCapableBeanFactory.doCreateBean(AbstractAutowireCapableBeanFactory.java:620) ~[spring-beans-5.3.23.jar:5.3.23]
	at org.springframework.beans.factory.support.AbstractAutowireCapableBeanFactory.createBean(AbstractAutowireCapableBeanFactory.java:542) ~[spring-beans-5.3.23.jar:5.3.23]
	at org.springframework.beans.factory.support.AbstractBeanFactory.lambda$doGetBean$0(AbstractBeanFactory.java:335) ~[spring-beans-5.3.23.jar:5.3.23]
	at org.springframework.beans.factory.support.DefaultSingletonBeanRegistry.getSingleton(DefaultSingletonBeanRegistry.java:234) ~[spring-beans-5.3.23.jar:5.3.23]
	at org.springframework.beans.factory.support.AbstractBeanFactory.doGetBean(AbstractBeanFactory.java:333) ~[spring-beans-5.3.23.jar:5.3.23]
	at org.springframework.beans.factory.support.AbstractBeanFactory.getBean(AbstractBeanFactory.java:208) ~[spring-beans-5.3.23.jar:5.3.23]
	at org.springframework.context.support.AbstractApplicationContext.getBean(AbstractApplicationContext.java:1154) ~[spring-context-5.3.23.jar:5.3.23]
	at org.springframework.context.support.AbstractApplicationContext.finishBeanFactoryInitialization(AbstractApplicationContext.java:908) ~[spring-context-5.3.23.jar:5.3.23]
	at org.springframework.context.support.AbstractApplicationContext.refresh(AbstractApplicationContext.java:583) ~[spring-context-5.3.23.jar:5.3.23]
	at org.springframework.boot.web.servlet.context.ServletWebServerApplicationContext.refresh(ServletWebServerApplicationContext.java:147) ~[spring-boot-2.7.4.jar:2.7.4]
	at org.springframework.boot.SpringApplication.refresh(SpringApplication.java:734) ~[spring-boot-2.7.4.jar:2.7.4]
	at org.springframework.boot.SpringApplication.refreshContext(SpringApplication.java:408) ~[spring-boot-2.7.4.jar:2.7.4]
	at org.springframework.boot.SpringApplication.run(SpringApplication.java:308) ~[spring-boot-2.7.4.jar:2.7.4]
	at org.springframework.boot.SpringApplication.run(SpringApplication.java:1306) ~[spring-boot-2.7.4.jar:2.7.4]
	at org.springframework.boot.SpringApplication.run(SpringApplication.java:1295) ~[spring-boot-2.7.4.jar:2.7.4]
	at com.example.javaproject.JavaprojectApplication.main(JavaprojectApplication.java:22) ~[classes/:na]
	at java.base/jdk.internal.reflect.NativeMethodAccessorImpl.invoke0(Native Method) ~[na:na]
	at java.base/jdk.internal.reflect.NativeMethodAccessorImpl.invoke(NativeMethodAccessorImpl.java:77) ~[na:na]
	at java.base/jdk.internal.reflect.DelegatingMethodAccessorImpl.invoke(DelegatingMethodAccessorImpl.java:43) ~[na:na]
	at java.base/java.lang.reflect.Method.invoke(Method.java:568) ~[na:na]
	at org.springframework.boot.devtools.restart.RestartLauncher.run(RestartLauncher.java:49) ~[spring-boot-devtools-2.7.4.jar:2.7.4]
Caused by: oracle.net.ns.NetException: The Network Adapter could not establish the connection (CONNECTION_ID=6nMIfH+4QWW8MHbxVZErhg==)
	at oracle.net.nt.ConnStrategy.execute(ConnStrategy.java:694) ~[ojdbc8-21.7.0.0.jar:21.6.0.0.0]
	at oracle.net.resolver.AddrResolution.resolveAndExecute(AddrResolution.java:584) ~[ojdbc8-21.7.0.0.jar:21.6.0.0.0]
	at oracle.net.ns.NSProtocol.establishConnection(NSProtocol.java:938) ~[ojdbc8-21.7.0.0.jar:21.6.0.0.0]
	at oracle.net.ns.NSProtocol.connect(NSProtocol.java:349) ~[ojdbc8-21.7.0.0.jar:21.6.0.0.0]
	at oracle.jdbc.driver.T4CConnection.connect(T4CConnection.java:2442) ~[ojdbc8-21.7.0.0.jar:21.6.0.0.0]
	at oracle.jdbc.driver.T4CConnection.logon(T4CConnection.java:656) ~[ojdbc8-21.7.0.0.jar:21.6.0.0.0]
	... 56 common frames omitted
Caused by: java.io.IOException: Connection timed out: connect, socket connect lapse 21061 ms. 192.168.56.101 1521  30000 (1/1) true
	at oracle.net.nt.TcpNTAdapter.establishSocket(TcpNTAdapter.java:425) ~[ojdbc8-21.7.0.0.jar:21.6.0.0.0]
	at oracle.net.nt.TcpNTAdapter.doLocalDNSLookupConnect(TcpNTAdapter.java:307) ~[ojdbc8-21.7.0.0.jar:21.6.0.0.0]
	at oracle.net.nt.TcpNTAdapter.connect(TcpNTAdapter.java:269) ~[ojdbc8-21.7.0.0.jar:21.6.0.0.0]
	at oracle.net.nt.ConnOption.connect(ConnOption.java:243) ~[ojdbc8-21.7.0.0.jar:21.6.0.0.0]
	at oracle.net.nt.ConnStrategy.executeConnOption(ConnStrategy.java:980) ~[ojdbc8-21.7.0.0.jar:21.6.0.0.0]
	at oracle.net.nt.ConnStrategy.execute(ConnStrategy.java:655) ~[ojdbc8-21.7.0.0.jar:21.6.0.0.0]
	... 61 common frames omitted
Caused by: java.net.ConnectException: Connection timed out: connect
	at java.base/sun.nio.ch.Net.connect0(Native Method) ~[na:na]
	at java.base/sun.nio.ch.Net.connect(Net.java:579) ~[na:na]
	at java.base/sun.nio.ch.Net.connect(Net.java:586) ~[na:na]
	at java.base/sun.nio.ch.SocketChannelImpl.connect(SocketChannelImpl.java:853) ~[na:na]
	at java.base/java.nio.channels.SocketChannel.open(SocketChannel.java:285) ~[na:na]
	at oracle.net.nt.TimeoutSocketChannel.connect(TimeoutSocketChannel.java:183) ~[ojdbc8-21.7.0.0.jar:21.6.0.0.0]
	at oracle.net.nt.TimeoutSocketChannel.<init>(TimeoutSocketChannel.java:157) ~[ojdbc8-21.7.0.0.jar:21.6.0.0.0]
	at oracle.net.nt.TcpNTAdapter.establishSocket(TcpNTAdapter.java:384) ~[ojdbc8-21.7.0.0.jar:21.6.0.0.0]
	... 66 common frames omitted

2022-11-12 14:28:20.808  WARN 23044 --- [restartedMain] o.h.e.j.e.i.JdbcEnvironmentInitiator     : HHH000342: Could not obtain connection to query metadata

java.sql.SQLRecoverableException: Ошибка ввода/вывода: The Network Adapter could not establish the connection (CONNECTION_ID=6nMIfH+4QWW8MHbxVZErhg==)
	at oracle.jdbc.driver.T4CConnection.handleLogonNetException(T4CConnection.java:892) ~[ojdbc8-21.7.0.0.jar:21.6.0.0.0]
	at oracle.jdbc.driver.T4CConnection.logon(T4CConnection.java:697) ~[ojdbc8-21.7.0.0.jar:21.6.0.0.0]
	at oracle.jdbc.driver.PhysicalConnection.connect(PhysicalConnection.java:1041) ~[ojdbc8-21.7.0.0.jar:21.6.0.0.0]
	at oracle.jdbc.driver.T4CDriverExtension.getConnection(T4CDriverExtension.java:89) ~[ojdbc8-21.7.0.0.jar:21.6.0.0.0]
	at oracle.jdbc.driver.OracleDriver.connect(OracleDriver.java:732) ~[ojdbc8-21.7.0.0.jar:21.6.0.0.0]
	at oracle.jdbc.driver.OracleDriver.connect(OracleDriver.java:648) ~[ojdbc8-21.7.0.0.jar:21.6.0.0.0]
	at com.zaxxer.hikari.util.DriverDataSource.getConnection(DriverDataSource.java:95) ~[HikariCP-2.6.0.jar:na]
	at com.zaxxer.hikari.util.DriverDataSource.getConnection(DriverDataSource.java:101) ~[HikariCP-2.6.0.jar:na]
	at com.zaxxer.hikari.pool.PoolBase.newConnection(PoolBase.java:346) ~[HikariCP-2.6.0.jar:na]
	at com.zaxxer.hikari.pool.PoolBase.newPoolEntry(PoolBase.java:196) ~[HikariCP-2.6.0.jar:na]
	at com.zaxxer.hikari.pool.HikariPool.createPoolEntry(HikariPool.java:442) ~[HikariCP-2.6.0.jar:na]
	at com.zaxxer.hikari.pool.HikariPool.checkFailFast(HikariPool.java:505) ~[HikariCP-2.6.0.jar:na]
	at com.zaxxer.hikari.pool.HikariPool.<init>(HikariPool.java:113) ~[HikariCP-2.6.0.jar:na]
	at com.zaxxer.hikari.HikariDataSource.getConnection(HikariDataSource.java:97) ~[HikariCP-2.6.0.jar:na]
	at org.hibernate.engine.jdbc.connections.internal.DatasourceConnectionProviderImpl.getConnection(DatasourceConnectionProviderImpl.java:122) ~[hibernate-core-5.6.11.Final.jar:5.6.11.Final]
	at org.hibernate.engine.jdbc.env.internal.JdbcEnvironmentInitiator$ConnectionProviderJdbcConnectionAccess.obtainConnection(JdbcEnvironmentInitiator.java:181) ~[hibernate-core-5.6.11.Final.jar:5.6.11.Final]
	at org.hibernate.engine.jdbc.env.internal.JdbcEnvironmentInitiator.initiateService(JdbcEnvironmentInitiator.java:68) ~[hibernate-core-5.6.11.Final.jar:5.6.11.Final]
	at org.hibernate.engine.jdbc.env.internal.JdbcEnvironmentInitiator.initiateService(JdbcEnvironmentInitiator.java:35) ~[hibernate-core-5.6.11.Final.jar:5.6.11.Final]
	at org.hibernate.boot.registry.internal.StandardServiceRegistryImpl.initiateService(StandardServiceRegistryImpl.java:101) ~[hibernate-core-5.6.11.Final.jar:5.6.11.Final]
	at org.hibernate.service.internal.AbstractServiceRegistryImpl.createService(AbstractServiceRegistryImpl.java:263) ~[hibernate-core-5.6.11.Final.jar:5.6.11.Final]
	at org.hibernate.service.internal.AbstractServiceRegistryImpl.initializeService(AbstractServiceRegistryImpl.java:237) ~[hibernate-core-5.6.11.Final.jar:5.6.11.Final]
	at org.hibernate.service.internal.AbstractServiceRegistryImpl.getService(AbstractServiceRegistryImpl.java:214) ~[hibernate-core-5.6.11.Final.jar:5.6.11.Final]
	at org.hibernate.id.factory.internal.DefaultIdentifierGeneratorFactory.injectServices(DefaultIdentifierGeneratorFactory.java:175) ~[hibernate-core-5.6.11.Final.jar:5.6.11.Final]
	at org.hibernate.service.internal.AbstractServiceRegistryImpl.injectDependencies(AbstractServiceRegistryImpl.java:286) ~[hibernate-core-5.6.11.Final.jar:5.6.11.Final]
	at org.hibernate.service.internal.AbstractServiceRegistryImpl.initializeService(AbstractServiceRegistryImpl.java:243) ~[hibernate-core-5.6.11.Final.jar:5.6.11.Final]
	at org.hibernate.service.internal.AbstractServiceRegistryImpl.getService(AbstractServiceRegistryImpl.java:214) ~[hibernate-core-5.6.11.Final.jar:5.6.11.Final]
	at org.hibernate.boot.internal.InFlightMetadataCollectorImpl.<init>(InFlightMetadataCollectorImpl.java:173) ~[hibernate-core-5.6.11.Final.jar:5.6.11.Final]
	at org.hibernate.boot.model.process.spi.MetadataBuildingProcess.complete(MetadataBuildingProcess.java:127) ~[hibernate-core-5.6.11.Final.jar:5.6.11.Final]
	at org.hibernate.jpa.boot.internal.EntityManagerFactoryBuilderImpl.metadata(EntityManagerFactoryBuilderImpl.java:1460) ~[hibernate-core-5.6.11.Final.jar:5.6.11.Final]
	at org.hibernate.jpa.boot.internal.EntityManagerFactoryBuilderImpl.build(EntityManagerFactoryBuilderImpl.java:1494) ~[hibernate-core-5.6.11.Final.jar:5.6.11.Final]
	at org.springframework.orm.jpa.vendor.SpringHibernateJpaPersistenceProvider.createContainerEntityManagerFactory(SpringHibernateJpaPersistenceProvider.java:58) ~[spring-orm-5.3.23.jar:5.3.23]
	at org.springframework.orm.jpa.LocalContainerEntityManagerFactoryBean.createNativeEntityManagerFactory(LocalContainerEntityManagerFactoryBean.java:365) ~[spring-orm-5.3.23.jar:5.3.23]
	at org.springframework.orm.jpa.AbstractEntityManagerFactoryBean.buildNativeEntityManagerFactory(AbstractEntityManagerFactoryBean.java:409) ~[spring-orm-5.3.23.jar:5.3.23]
	at org.springframework.orm.jpa.AbstractEntityManagerFactoryBean.afterPropertiesSet(AbstractEntityManagerFactoryBean.java:396) ~[spring-orm-5.3.23.jar:5.3.23]
	at org.springframework.orm.jpa.LocalContainerEntityManagerFactoryBean.afterPropertiesSet(LocalContainerEntityManagerFactoryBean.java:341) ~[spring-orm-5.3.23.jar:5.3.23]
	at org.springframework.beans.factory.support.AbstractAutowireCapableBeanFactory.invokeInitMethods(AbstractAutowireCapableBeanFactory.java:1863) ~[spring-beans-5.3.23.jar:5.3.23]
	at org.springframework.beans.factory.support.AbstractAutowireCapableBeanFactory.initializeBean(AbstractAutowireCapableBeanFactory.java:1800) ~[spring-beans-5.3.23.jar:5.3.23]
	at org.springframework.beans.factory.support.AbstractAutowireCapableBeanFactory.doCreateBean(AbstractAutowireCapableBeanFactory.java:620) ~[spring-beans-5.3.23.jar:5.3.23]
	at org.springframework.beans.factory.support.AbstractAutowireCapableBeanFactory.createBean(AbstractAutowireCapableBeanFactory.java:542) ~[spring-beans-5.3.23.jar:5.3.23]
	at org.springframework.beans.factory.support.AbstractBeanFactory.lambda$doGetBean$0(AbstractBeanFactory.java:335) ~[spring-beans-5.3.23.jar:5.3.23]
	at org.springframework.beans.factory.support.DefaultSingletonBeanRegistry.getSingleton(DefaultSingletonBeanRegistry.java:234) ~[spring-beans-5.3.23.jar:5.3.23]
	at org.springframework.beans.factory.support.AbstractBeanFactory.doGetBean(AbstractBeanFactory.java:333) ~[spring-beans-5.3.23.jar:5.3.23]
	at org.springframework.beans.factory.support.AbstractBeanFactory.getBean(AbstractBeanFactory.java:208) ~[spring-beans-5.3.23.jar:5.3.23]
	at org.springframework.context.support.AbstractApplicationContext.getBean(AbstractApplicationContext.java:1154) ~[spring-context-5.3.23.jar:5.3.23]
	at org.springframework.context.support.AbstractApplicationContext.finishBeanFactoryInitialization(AbstractApplicationContext.java:908) ~[spring-context-5.3.23.jar:5.3.23]
	at org.springframework.context.support.AbstractApplicationContext.refresh(AbstractApplicationContext.java:583) ~[spring-context-5.3.23.jar:5.3.23]
	at org.springframework.boot.web.servlet.context.ServletWebServerApplicationContext.refresh(ServletWebServerApplicationContext.java:147) ~[spring-boot-2.7.4.jar:2.7.4]
	at org.springframework.boot.SpringApplication.refresh(SpringApplication.java:734) ~[spring-boot-2.7.4.jar:2.7.4]
	at org.springframework.boot.SpringApplication.refreshContext(SpringApplication.java:408) ~[spring-boot-2.7.4.jar:2.7.4]
	at org.springframework.boot.SpringApplication.run(SpringApplication.java:308) ~[spring-boot-2.7.4.jar:2.7.4]
	at org.springframework.boot.SpringApplication.run(SpringApplication.java:1306) ~[spring-boot-2.7.4.jar:2.7.4]
	at org.springframework.boot.SpringApplication.run(SpringApplication.java:1295) ~[spring-boot-2.7.4.jar:2.7.4]
	at com.example.javaproject.JavaprojectApplication.main(JavaprojectApplication.java:22) ~[classes/:na]
	at java.base/jdk.internal.reflect.NativeMethodAccessorImpl.invoke0(Native Method) ~[na:na]
	at java.base/jdk.internal.reflect.NativeMethodAccessorImpl.invoke(NativeMethodAccessorImpl.java:77) ~[na:na]
	at java.base/jdk.internal.reflect.DelegatingMethodAccessorImpl.invoke(DelegatingMethodAccessorImpl.java:43) ~[na:na]
	at java.base/java.lang.reflect.Method.invoke(Method.java:568) ~[na:na]
	at org.springframework.boot.devtools.restart.RestartLauncher.run(RestartLauncher.java:49) ~[spring-boot-devtools-2.7.4.jar:2.7.4]
Caused by: oracle.net.ns.NetException: The Network Adapter could not establish the connection (CONNECTION_ID=6nMIfH+4QWW8MHbxVZErhg==)
	at oracle.net.nt.ConnStrategy.execute(ConnStrategy.java:694) ~[ojdbc8-21.7.0.0.jar:21.6.0.0.0]
	at oracle.net.resolver.AddrResolution.resolveAndExecute(AddrResolution.java:584) ~[ojdbc8-21.7.0.0.jar:21.6.0.0.0]
	at oracle.net.ns.NSProtocol.establishConnection(NSProtocol.java:938) ~[ojdbc8-21.7.0.0.jar:21.6.0.0.0]
	at oracle.net.ns.NSProtocol.connect(NSProtocol.java:349) ~[ojdbc8-21.7.0.0.jar:21.6.0.0.0]
	at oracle.jdbc.driver.T4CConnection.connect(T4CConnection.java:2442) ~[ojdbc8-21.7.0.0.jar:21.6.0.0.0]
	at oracle.jdbc.driver.T4CConnection.logon(T4CConnection.java:656) ~[ojdbc8-21.7.0.0.jar:21.6.0.0.0]
	... 56 common frames omitted
Caused by: java.io.IOException: Connection timed out: connect, socket connect lapse 21061 ms. 192.168.56.101 1521  30000 (1/1) true
	at oracle.net.nt.TcpNTAdapter.establishSocket(TcpNTAdapter.java:425) ~[ojdbc8-21.7.0.0.jar:21.6.0.0.0]
	at oracle.net.nt.TcpNTAdapter.doLocalDNSLookupConnect(TcpNTAdapter.java:307) ~[ojdbc8-21.7.0.0.jar:21.6.0.0.0]
	at oracle.net.nt.TcpNTAdapter.connect(TcpNTAdapter.java:269) ~[ojdbc8-21.7.0.0.jar:21.6.0.0.0]
	at oracle.net.nt.ConnOption.connect(ConnOption.java:243) ~[ojdbc8-21.7.0.0.jar:21.6.0.0.0]
	at oracle.net.nt.ConnStrategy.executeConnOption(ConnStrategy.java:980) ~[ojdbc8-21.7.0.0.jar:21.6.0.0.0]
	at oracle.net.nt.ConnStrategy.execute(ConnStrategy.java:655) ~[ojdbc8-21.7.0.0.jar:21.6.0.0.0]
	... 61 common frames omitted
Caused by: java.net.ConnectException: Connection timed out: connect
	at java.base/sun.nio.ch.Net.connect0(Native Method) ~[na:na]
	at java.base/sun.nio.ch.Net.connect(Net.java:579) ~[na:na]
	at java.base/sun.nio.ch.Net.connect(Net.java:586) ~[na:na]
	at java.base/sun.nio.ch.SocketChannelImpl.connect(SocketChannelImpl.java:853) ~[na:na]
	at java.base/java.nio.channels.SocketChannel.open(SocketChannel.java:285) ~[na:na]
	at oracle.net.nt.TimeoutSocketChannel.connect(TimeoutSocketChannel.java:183) ~[ojdbc8-21.7.0.0.jar:21.6.0.0.0]
	at oracle.net.nt.TimeoutSocketChannel.<init>(TimeoutSocketChannel.java:157) ~[ojdbc8-21.7.0.0.jar:21.6.0.0.0]
	at oracle.net.nt.TcpNTAdapter.establishSocket(TcpNTAdapter.java:384) ~[ojdbc8-21.7.0.0.jar:21.6.0.0.0]
	... 66 common frames omitted

2022-11-12 14:28:20.824  INFO 23044 --- [restartedMain] org.hibernate.dialect.Dialect            : HHH000400: Using dialect: org.hibernate.dialect.Oracle12cDialect
2022-11-12 14:28:21.511  INFO 23044 --- [restartedMain] o.h.e.t.j.p.i.JtaPlatformInitiator       : HHH000490: Using JtaPlatform implementation: [org.hibernate.engine.transaction.jta.platform.internal.NoJtaPlatform]
2022-11-12 14:28:21.511  INFO 23044 --- [restartedMain] j.LocalContainerEntityManagerFactoryBean : Initialized JPA EntityManagerFactory for persistence unit 'default'
2022-11-12 14:28:21.980  WARN 23044 --- [restartedMain] JpaBaseConfiguration$JpaWebConfiguration : spring.jpa.open-in-view is enabled by default. Therefore, database queries may be performed during view rendering. Explicitly configure spring.jpa.open-in-view to disable this warning
2022-11-12 14:28:43.034  WARN 23044 --- [restartedMain] ConfigServletWebServerApplicationContext : Exception encountered during context initialization - cancelling refresh attempt: org.springframework.beans.factory.BeanCreationException: Error creating bean with name 'userController' defined in file [D:\University\javaproject\target\classes\com\example\javaproject\controllers\UserController.class]: Bean instantiation via constructor failed; nested exception is org.springframework.beans.BeanInstantiationException: Failed to instantiate [com.example.javaproject.controllers.UserController]: Constructor threw exception; nested exception is java.sql.SQLRecoverableException: Ошибка ввода/вывода: The Network Adapter could not establish the connection (CONNECTION_ID=0VDeLUbcR2mAP/5bsWjWFg==)
2022-11-12 14:28:43.035  INFO 23044 --- [restartedMain] j.LocalContainerEntityManagerFactoryBean : Closing JPA EntityManagerFactory for persistence unit 'default'
2022-11-12 14:28:43.046  INFO 23044 --- [restartedMain] o.apache.catalina.core.StandardService   : Stopping service [Tomcat]
2022-11-12 14:28:43.072  INFO 23044 --- [restartedMain] ConditionEvaluationReportLoggingListener : 

Error starting ApplicationContext. To display the conditions report re-run your application with 'debug' enabled.
2022-11-12 14:28:43.130 ERROR 23044 --- [restartedMain] o.s.boot.SpringApplication               : Application run failed

org.springframework.beans.factory.BeanCreationException: Error creating bean with name 'userController' defined in file [D:\University\javaproject\target\classes\com\example\javaproject\controllers\UserController.class]: Bean instantiation via constructor failed; nested exception is org.springframework.beans.BeanInstantiationException: Failed to instantiate [com.example.javaproject.controllers.UserController]: Constructor threw exception; nested exception is java.sql.SQLRecoverableException: Ошибка ввода/вывода: The Network Adapter could not establish the connection (CONNECTION_ID=0VDeLUbcR2mAP/5bsWjWFg==)
	at org.springframework.beans.factory.support.ConstructorResolver.instantiate(ConstructorResolver.java:315) ~[spring-beans-5.3.23.jar:5.3.23]
	at org.springframework.beans.factory.support.ConstructorResolver.autowireConstructor(ConstructorResolver.java:296) ~[spring-beans-5.3.23.jar:5.3.23]
	at org.springframework.beans.factory.support.AbstractAutowireCapableBeanFactory.autowireConstructor(AbstractAutowireCapableBeanFactory.java:1372) ~[spring-beans-5.3.23.jar:5.3.23]
	at org.springframework.beans.factory.support.AbstractAutowireCapableBeanFactory.createBeanInstance(AbstractAutowireCapableBeanFactory.java:1222) ~[spring-beans-5.3.23.jar:5.3.23]
	at org.springframework.beans.factory.support.AbstractAutowireCapableBeanFactory.doCreateBean(AbstractAutowireCapableBeanFactory.java:582) ~[spring-beans-5.3.23.jar:5.3.23]
	at org.springframework.beans.factory.support.AbstractAutowireCapableBeanFactory.createBean(AbstractAutowireCapableBeanFactory.java:542) ~[spring-beans-5.3.23.jar:5.3.23]
	at org.springframework.beans.factory.support.AbstractBeanFactory.lambda$doGetBean$0(AbstractBeanFactory.java:335) ~[spring-beans-5.3.23.jar:5.3.23]
	at org.springframework.beans.factory.support.DefaultSingletonBeanRegistry.getSingleton(DefaultSingletonBeanRegistry.java:234) ~[spring-beans-5.3.23.jar:5.3.23]
	at org.springframework.beans.factory.support.AbstractBeanFactory.doGetBean(AbstractBeanFactory.java:333) ~[spring-beans-5.3.23.jar:5.3.23]
	at org.springframework.beans.factory.support.AbstractBeanFactory.getBean(AbstractBeanFactory.java:208) ~[spring-beans-5.3.23.jar:5.3.23]
	at org.springframework.beans.factory.support.DefaultListableBeanFactory.preInstantiateSingletons(DefaultListableBeanFactory.java:955) ~[spring-beans-5.3.23.jar:5.3.23]
	at org.springframework.context.support.AbstractApplicationContext.finishBeanFactoryInitialization(AbstractApplicationContext.java:918) ~[spring-context-5.3.23.jar:5.3.23]
	at org.springframework.context.support.AbstractApplicationContext.refresh(AbstractApplicationContext.java:583) ~[spring-context-5.3.23.jar:5.3.23]
	at org.springframework.boot.web.servlet.context.ServletWebServerApplicationContext.refresh(ServletWebServerApplicationContext.java:147) ~[spring-boot-2.7.4.jar:2.7.4]
	at org.springframework.boot.SpringApplication.refresh(SpringApplication.java:734) ~[spring-boot-2.7.4.jar:2.7.4]
	at org.springframework.boot.SpringApplication.refreshContext(SpringApplication.java:408) ~[spring-boot-2.7.4.jar:2.7.4]
	at org.springframework.boot.SpringApplication.run(SpringApplication.java:308) ~[spring-boot-2.7.4.jar:2.7.4]
	at org.springframework.boot.SpringApplication.run(SpringApplication.java:1306) ~[spring-boot-2.7.4.jar:2.7.4]
	at org.springframework.boot.SpringApplication.run(SpringApplication.java:1295) ~[spring-boot-2.7.4.jar:2.7.4]
	at com.example.javaproject.JavaprojectApplication.main(JavaprojectApplication.java:22) ~[classes/:na]
	at java.base/jdk.internal.reflect.NativeMethodAccessorImpl.invoke0(Native Method) ~[na:na]
	at java.base/jdk.internal.reflect.NativeMethodAccessorImpl.invoke(NativeMethodAccessorImpl.java:77) ~[na:na]
	at java.base/jdk.internal.reflect.DelegatingMethodAccessorImpl.invoke(DelegatingMethodAccessorImpl.java:43) ~[na:na]
	at java.base/java.lang.reflect.Method.invoke(Method.java:568) ~[na:na]
	at org.springframework.boot.devtools.restart.RestartLauncher.run(RestartLauncher.java:49) ~[spring-boot-devtools-2.7.4.jar:2.7.4]
Caused by: org.springframework.beans.BeanInstantiationException: Failed to instantiate [com.example.javaproject.controllers.UserController]: Constructor threw exception; nested exception is java.sql.SQLRecoverableException: Ошибка ввода/вывода: The Network Adapter could not establish the connection (CONNECTION_ID=0VDeLUbcR2mAP/5bsWjWFg==)
	at org.springframework.beans.BeanUtils.instantiateClass(BeanUtils.java:224) ~[spring-beans-5.3.23.jar:5.3.23]
	at org.springframework.beans.factory.support.SimpleInstantiationStrategy.instantiate(SimpleInstantiationStrategy.java:117) ~[spring-beans-5.3.23.jar:5.3.23]
	at org.springframework.beans.factory.support.ConstructorResolver.instantiate(ConstructorResolver.java:311) ~[spring-beans-5.3.23.jar:5.3.23]
	... 24 common frames omitted
Caused by: java.sql.SQLRecoverableException: Ошибка ввода/вывода: The Network Adapter could not establish the connection (CONNECTION_ID=0VDeLUbcR2mAP/5bsWjWFg==)
	at oracle.jdbc.driver.T4CConnection.handleLogonNetException(T4CConnection.java:892) ~[ojdbc8-21.7.0.0.jar:21.6.0.0.0]
	at oracle.jdbc.driver.T4CConnection.logon(T4CConnection.java:697) ~[ojdbc8-21.7.0.0.jar:21.6.0.0.0]
	at oracle.jdbc.driver.PhysicalConnection.connect(PhysicalConnection.java:1041) ~[ojdbc8-21.7.0.0.jar:21.6.0.0.0]
	at oracle.jdbc.driver.T4CDriverExtension.getConnection(T4CDriverExtension.java:89) ~[ojdbc8-21.7.0.0.jar:21.6.0.0.0]
	at oracle.jdbc.driver.OracleDriver.connect(OracleDriver.java:732) ~[ojdbc8-21.7.0.0.jar:21.6.0.0.0]
	at oracle.jdbc.driver.OracleDriver.connect(OracleDriver.java:648) ~[ojdbc8-21.7.0.0.jar:21.6.0.0.0]
	at java.sql/java.sql.DriverManager.getConnection(DriverManager.java:681) ~[java.sql:na]
	at java.sql/java.sql.DriverManager.getConnection(DriverManager.java:229) ~[java.sql:na]
	at com.example.javaproject.controllers.UserController.<init>(UserController.java:51) ~[classes/:na]
	at java.base/jdk.internal.reflect.NativeConstructorAccessorImpl.newInstance0(Native Method) ~[na:na]
	at java.base/jdk.internal.reflect.NativeConstructorAccessorImpl.newInstance(NativeConstructorAccessorImpl.java:77) ~[na:na]
	at java.base/jdk.internal.reflect.DelegatingConstructorAccessorImpl.newInstance(DelegatingConstructorAccessorImpl.java:45) ~[na:na]
	at java.base/java.lang.reflect.Constructor.newInstanceWithCaller(Constructor.java:499) ~[na:na]
	at java.base/java.lang.reflect.Constructor.newInstance(Constructor.java:480) ~[na:na]
	at org.springframework.beans.BeanUtils.instantiateClass(BeanUtils.java:211) ~[spring-beans-5.3.23.jar:5.3.23]
	... 26 common frames omitted
Caused by: oracle.net.ns.NetException: The Network Adapter could not establish the connection (CONNECTION_ID=0VDeLUbcR2mAP/5bsWjWFg==)
	at oracle.net.nt.ConnStrategy.execute(ConnStrategy.java:694) ~[ojdbc8-21.7.0.0.jar:21.6.0.0.0]
	at oracle.net.resolver.AddrResolution.resolveAndExecute(AddrResolution.java:584) ~[ojdbc8-21.7.0.0.jar:21.6.0.0.0]
	at oracle.net.ns.NSProtocol.establishConnection(NSProtocol.java:938) ~[ojdbc8-21.7.0.0.jar:21.6.0.0.0]
	at oracle.net.ns.NSProtocol.connect(NSProtocol.java:349) ~[ojdbc8-21.7.0.0.jar:21.6.0.0.0]
	at oracle.jdbc.driver.T4CConnection.connect(T4CConnection.java:2442) ~[ojdbc8-21.7.0.0.jar:21.6.0.0.0]
	at oracle.jdbc.driver.T4CConnection.logon(T4CConnection.java:656) ~[ojdbc8-21.7.0.0.jar:21.6.0.0.0]
	... 39 common frames omitted
Caused by: java.io.IOException: Connection timed out: connect, socket connect lapse 21020 ms. 192.168.56.101 1521  30000 (1/1) true
	at oracle.net.nt.TcpNTAdapter.establishSocket(TcpNTAdapter.java:425) ~[ojdbc8-21.7.0.0.jar:21.6.0.0.0]
	at oracle.net.nt.TcpNTAdapter.doLocalDNSLookupConnect(TcpNTAdapter.java:307) ~[ojdbc8-21.7.0.0.jar:21.6.0.0.0]
	at oracle.net.nt.TcpNTAdapter.connect(TcpNTAdapter.java:269) ~[ojdbc8-21.7.0.0.jar:21.6.0.0.0]
	at oracle.net.nt.ConnOption.connect(ConnOption.java:243) ~[ojdbc8-21.7.0.0.jar:21.6.0.0.0]
	at oracle.net.nt.ConnStrategy.executeConnOption(ConnStrategy.java:980) ~[ojdbc8-21.7.0.0.jar:21.6.0.0.0]
	at oracle.net.nt.ConnStrategy.execute(ConnStrategy.java:655) ~[ojdbc8-21.7.0.0.jar:21.6.0.0.0]
	... 44 common frames omitted
Caused by: java.net.ConnectException: Connection timed out: connect
	at java.base/sun.nio.ch.Net.connect0(Native Method) ~[na:na]
	at java.base/sun.nio.ch.Net.connect(Net.java:579) ~[na:na]
	at java.base/sun.nio.ch.Net.connect(Net.java:586) ~[na:na]
	at java.base/sun.nio.ch.SocketChannelImpl.connect(SocketChannelImpl.java:853) ~[na:na]
	at java.base/java.nio.channels.SocketChannel.open(SocketChannel.java:285) ~[na:na]
	at oracle.net.nt.TimeoutSocketChannel.connect(TimeoutSocketChannel.java:183) ~[ojdbc8-21.7.0.0.jar:21.6.0.0.0]
	at oracle.net.nt.TimeoutSocketChannel.<init>(TimeoutSocketChannel.java:157) ~[ojdbc8-21.7.0.0.jar:21.6.0.0.0]
	at oracle.net.nt.TcpNTAdapter.establishSocket(TcpNTAdapter.java:384) ~[ojdbc8-21.7.0.0.jar:21.6.0.0.0]
	... 49 common frames omitted

2022-11-12 14:29:39.877  INFO 36384 --- [restartedMain] c.e.javaproject.JavaprojectApplication   : Starting JavaprojectApplication using Java 17.0.2 on DESKTOP-6BQAJ6M with PID 36384 (D:\University\javaproject\target\classes started by Lenovo in D:\University\javaproject)
2022-11-12 14:29:39.879  INFO 36384 --- [restartedMain] c.e.javaproject.JavaprojectApplication   : No active profile set, falling back to 1 default profile: "default"
2022-11-12 14:29:39.949  INFO 36384 --- [restartedMain] o.s.b.devtools.restart.ChangeableUrls    : The Class-Path manifest attribute in C:\Users\Lenovo\.m2\repository\com\oracle\database\jdbc\ojdbc8\21.7.0.0\ojdbc8-21.7.0.0.jar referenced one or more files that do not exist: file:/C:/Users/Lenovo/.m2/repository/com/oracle/database/jdbc/ojdbc8/21.7.0.0/oraclepki.jar
2022-11-12 14:29:39.949  INFO 36384 --- [restartedMain] o.s.b.devtools.restart.ChangeableUrls    : The Class-Path manifest attribute in C:\Users\Lenovo\.m2\repository\com\oracle\ojdbc\orai18n\19.3.0.0\orai18n-19.3.0.0.jar referenced one or more files that do not exist: file:/C:/Users/Lenovo/.m2/repository/com/oracle/ojdbc/orai18n/19.3.0.0/orai18n-mapping.jar,file:/C:/Users/Lenovo/.m2/repository/com/oracle/ojdbc/orai18n/19.3.0.0/orai18n-utility.jar,file:/C:/Users/Lenovo/.m2/repository/com/oracle/ojdbc/orai18n/19.3.0.0/orai18n-collation.jar,file:/C:/Users/Lenovo/.m2/repository/com/oracle/ojdbc/orai18n/19.3.0.0/orai18n-translation.jar,file:/C:/Users/Lenovo/.m2/repository/com/oracle/ojdbc/orai18n/19.3.0.0/orai18n-net.jar,file:/C:/Users/Lenovo/.m2/repository/com/oracle/ojdbc/orai18n/19.3.0.0/orai18n-servlet.jar,file:/C:/Users/Lenovo/.m2/repository/com/oracle/ojdbc/orai18n/19.3.0.0/orai18n-lcsd.jar,file:/C:/Users/Lenovo/.m2/repository/com/oracle/ojdbc/orai18n/19.3.0.0/orai18n-tools.jar,file:/C:/Users/Lenovo/.m2/repository/com/oracle/ojdbc/orai18n/19.3.0.0/gdk_custom.jar
2022-11-12 14:29:39.949  INFO 36384 --- [restartedMain] .e.DevToolsPropertyDefaultsPostProcessor : Devtools property defaults active! Set 'spring.devtools.add-properties' to 'false' to disable
2022-11-12 14:29:39.950  INFO 36384 --- [restartedMain] .e.DevToolsPropertyDefaultsPostProcessor : For additional web related logging consider setting the 'logging.level.web' property to 'DEBUG'
2022-11-12 14:29:40.937  INFO 36384 --- [restartedMain] .s.d.r.c.RepositoryConfigurationDelegate : Bootstrapping Spring Data JPA repositories in DEFAULT mode.
2022-11-12 14:29:41.025  INFO 36384 --- [restartedMain] .s.d.r.c.RepositoryConfigurationDelegate : Finished Spring Data repository scanning in 73 ms. Found 2 JPA repository interfaces.
2022-11-12 14:29:41.772  INFO 36384 --- [restartedMain] o.s.b.w.embedded.tomcat.TomcatWebServer  : Tomcat initialized with port(s): 8080 (http)
2022-11-12 14:29:41.783  INFO 36384 --- [restartedMain] o.apache.catalina.core.StandardService   : Starting service [Tomcat]
2022-11-12 14:29:41.784  INFO 36384 --- [restartedMain] org.apache.catalina.core.StandardEngine  : Starting Servlet engine: [Apache Tomcat/9.0.65]
2022-11-12 14:29:41.883  INFO 36384 --- [restartedMain] o.a.c.c.C.[Tomcat].[localhost].[/]       : Initializing Spring embedded WebApplicationContext
2022-11-12 14:29:41.884  INFO 36384 --- [restartedMain] w.s.c.ServletWebServerApplicationContext : Root WebApplicationContext: initialization completed in 1934 ms
2022-11-12 14:29:42.132  INFO 36384 --- [restartedMain] com.zaxxer.hikari.HikariDataSource       : HikariPool-1 - Starting...
2022-11-12 14:29:42.135  WARN 36384 --- [restartedMain] com.zaxxer.hikari.util.DriverDataSource  : Registered driver with driverClassName=oracle.jdbc.driver.OracleDriver was not found, trying direct instantiation.
2022-11-12 14:29:42.443  INFO 36384 --- [restartedMain] com.zaxxer.hikari.HikariDataSource       : HikariPool-1 - Start completed.
2022-11-12 14:29:42.496  INFO 36384 --- [restartedMain] o.hibernate.jpa.internal.util.LogHelper  : HHH000204: Processing PersistenceUnitInfo [name: default]
2022-11-12 14:29:42.567  INFO 36384 --- [restartedMain] org.hibernate.Version                    : HHH000412: Hibernate ORM core version 5.6.11.Final
2022-11-12 14:29:42.740  INFO 36384 --- [restartedMain] o.hibernate.annotations.common.Version   : HCANN000001: Hibernate Commons Annotations {5.1.2.Final}
2022-11-12 14:29:42.870  INFO 36384 --- [restartedMain] org.hibernate.dialect.Dialect            : HHH000400: Using dialect: org.hibernate.dialect.Oracle12cDialect
2022-11-12 14:29:43.663  INFO 36384 --- [restartedMain] o.h.e.t.j.p.i.JtaPlatformInitiator       : HHH000490: Using JtaPlatform implementation: [org.hibernate.engine.transaction.jta.platform.internal.NoJtaPlatform]
2022-11-12 14:29:43.672  INFO 36384 --- [restartedMain] j.LocalContainerEntityManagerFactoryBean : Initialized JPA EntityManagerFactory for persistence unit 'default'
2022-11-12 14:29:44.198  WARN 36384 --- [restartedMain] JpaBaseConfiguration$JpaWebConfiguration : spring.jpa.open-in-view is enabled by default. Therefore, database queries may be performed during view rendering. Explicitly configure spring.jpa.open-in-view to disable this warning
2022-11-12 14:29:44.432  INFO 36384 --- [restartedMain] o.s.s.web.DefaultSecurityFilterChain     : Will secure any request with [org.springframework.security.web.session.DisableEncodeUrlFilter@145ccfb1, org.springframework.security.web.context.request.async.WebAsyncManagerIntegrationFilter@15f4ed07, org.springframework.security.web.context.SecurityContextPersistenceFilter@1db45971, org.springframework.security.web.header.HeaderWriterFilter@78286982, org.springframework.security.web.authentication.logout.LogoutFilter@20614a12, com.example.javaproject.jwt.CustomAuthorizationFilter@2fdd7806, org.springframework.security.web.savedrequest.RequestCacheAwareFilter@f416304, org.springframework.security.web.servletapi.SecurityContextHolderAwareRequestFilter@5af69973, org.springframework.security.web.authentication.AnonymousAuthenticationFilter@6de0ec8f, org.springframework.security.web.session.SessionManagementFilter@4b831f05, org.springframework.security.web.access.ExceptionTranslationFilter@17ee5050, org.springframework.security.web.access.intercept.FilterSecurityInterceptor@3e7caa80]
2022-11-12 14:29:44.915  INFO 36384 --- [restartedMain] o.s.b.d.a.OptionalLiveReloadServer       : LiveReload server is running on port 35729
2022-11-12 14:29:44.967  INFO 36384 --- [restartedMain] o.s.b.w.embedded.tomcat.TomcatWebServer  : Tomcat started on port(s): 8080 (http) with context path ''
2022-11-12 14:29:44.989  INFO 36384 --- [restartedMain] c.e.javaproject.JavaprojectApplication   : Started JavaprojectApplication in 5.738 seconds (JVM running for 7.037)
2022-11-12 14:30:23.008  INFO 36384 --- [http-nio-8080-exec-1] o.a.c.c.C.[Tomcat].[localhost].[/]       : Initializing Spring DispatcherServlet 'dispatcherServlet'
2022-11-12 14:30:23.008  INFO 36384 --- [http-nio-8080-exec-1] o.s.web.servlet.DispatcherServlet        : Initializing Servlet 'dispatcherServlet'
2022-11-12 14:30:23.010  INFO 36384 --- [http-nio-8080-exec-1] o.s.web.servlet.DispatcherServlet        : Completed initialization in 2 ms
2022-11-12 14:30:27.510 DEBUG 36384 --- [http-nio-8080-exec-7] org.hibernate.SQL                        : select user0_.email as email1_1_, user0_.password as password2_1_, user0_.role_id as role_id4_1_, user0_.username as username3_1_ from users user0_
2022-11-12 14:30:27.560 DEBUG 36384 --- [http-nio-8080-exec-7] org.hibernate.SQL                        : select role0_.id as id1_0_0_, role0_.name as name2_0_0_ from userroles role0_ where role0_.id=?
2022-11-12 14:30:30.985 DEBUG 36384 --- [http-nio-8080-exec-10] org.hibernate.SQL                        : select user0_.email as email1_1_, user0_.password as password2_1_, user0_.role_id as role_id4_1_, user0_.username as username3_1_ from users user0_
2022-11-12 14:30:30.987 DEBUG 36384 --- [http-nio-8080-exec-10] org.hibernate.SQL                        : select role0_.id as id1_0_0_, role0_.name as name2_0_0_ from userroles role0_ where role0_.id=?
2022-11-12 14:30:36.489 DEBUG 36384 --- [http-nio-8080-exec-1] org.hibernate.SQL                        : select user0_.email as email1_1_, user0_.password as password2_1_, user0_.role_id as role_id4_1_, user0_.username as username3_1_ from users user0_
2022-11-12 14:30:36.495 DEBUG 36384 --- [http-nio-8080-exec-1] org.hibernate.SQL                        : select role0_.id as id1_0_0_, role0_.name as name2_0_0_ from userroles role0_ where role0_.id=?
2022-11-12 14:30:36.971 DEBUG 36384 --- [http-nio-8080-exec-2] org.hibernate.SQL                        : select user0_.email as email1_1_, user0_.password as password2_1_, user0_.role_id as role_id4_1_, user0_.username as username3_1_ from users user0_
2022-11-12 14:30:36.975 DEBUG 36384 --- [http-nio-8080-exec-2] org.hibernate.SQL                        : select role0_.id as id1_0_0_, role0_.name as name2_0_0_ from userroles role0_ where role0_.id=?
2022-11-12 14:30:37.408 DEBUG 36384 --- [http-nio-8080-exec-4] org.hibernate.SQL                        : select user0_.email as email1_1_, user0_.password as password2_1_, user0_.role_id as role_id4_1_, user0_.username as username3_1_ from users user0_
2022-11-12 14:30:37.409 DEBUG 36384 --- [http-nio-8080-exec-4] org.hibernate.SQL                        : select role0_.id as id1_0_0_, role0_.name as name2_0_0_ from userroles role0_ where role0_.id=?
2022-11-12 14:32:02.264 DEBUG 36384 --- [http-nio-8080-exec-5] org.hibernate.SQL                        : select user0_.email as email1_1_, user0_.password as password2_1_, user0_.role_id as role_id4_1_, user0_.username as username3_1_ from users user0_
2022-11-12 14:32:02.271 DEBUG 36384 --- [http-nio-8080-exec-5] org.hibernate.SQL                        : select role0_.id as id1_0_0_, role0_.name as name2_0_0_ from userroles role0_ where role0_.id=?
2022-11-12 14:32:48.596  INFO 36384 --- [SpringApplicationShutdownHook] j.LocalContainerEntityManagerFactoryBean : Closing JPA EntityManagerFactory for persistence unit 'default'
2022-11-12 14:32:48.599  INFO 36384 --- [SpringApplicationShutdownHook] com.zaxxer.hikari.HikariDataSource       : HikariPool-1 - Shutdown initiated...
2022-11-12 14:32:48.653  INFO 36384 --- [SpringApplicationShutdownHook] com.zaxxer.hikari.HikariDataSource       : HikariPool-1 - Shutdown completed.
2022-11-12 14:32:53.906  INFO 33808 --- [restartedMain] c.e.javaproject.JavaprojectApplication   : Starting JavaprojectApplication using Java 17.0.2 on DESKTOP-6BQAJ6M with PID 33808 (D:\University\javaproject\target\classes started by Lenovo in D:\University\javaproject)
2022-11-12 14:32:53.908  INFO 33808 --- [restartedMain] c.e.javaproject.JavaprojectApplication   : No active profile set, falling back to 1 default profile: "default"
2022-11-12 14:32:53.961  INFO 33808 --- [restartedMain] o.s.b.devtools.restart.ChangeableUrls    : The Class-Path manifest attribute in C:\Users\Lenovo\.m2\repository\com\oracle\database\jdbc\ojdbc8\21.7.0.0\ojdbc8-21.7.0.0.jar referenced one or more files that do not exist: file:/C:/Users/Lenovo/.m2/repository/com/oracle/database/jdbc/ojdbc8/21.7.0.0/oraclepki.jar
2022-11-12 14:32:53.962  INFO 33808 --- [restartedMain] o.s.b.devtools.restart.ChangeableUrls    : The Class-Path manifest attribute in C:\Users\Lenovo\.m2\repository\com\oracle\ojdbc\orai18n\19.3.0.0\orai18n-19.3.0.0.jar referenced one or more files that do not exist: file:/C:/Users/Lenovo/.m2/repository/com/oracle/ojdbc/orai18n/19.3.0.0/orai18n-mapping.jar,file:/C:/Users/Lenovo/.m2/repository/com/oracle/ojdbc/orai18n/19.3.0.0/orai18n-utility.jar,file:/C:/Users/Lenovo/.m2/repository/com/oracle/ojdbc/orai18n/19.3.0.0/orai18n-collation.jar,file:/C:/Users/Lenovo/.m2/repository/com/oracle/ojdbc/orai18n/19.3.0.0/orai18n-translation.jar,file:/C:/Users/Lenovo/.m2/repository/com/oracle/ojdbc/orai18n/19.3.0.0/orai18n-net.jar,file:/C:/Users/Lenovo/.m2/repository/com/oracle/ojdbc/orai18n/19.3.0.0/orai18n-servlet.jar,file:/C:/Users/Lenovo/.m2/repository/com/oracle/ojdbc/orai18n/19.3.0.0/orai18n-lcsd.jar,file:/C:/Users/Lenovo/.m2/repository/com/oracle/ojdbc/orai18n/19.3.0.0/orai18n-tools.jar,file:/C:/Users/Lenovo/.m2/repository/com/oracle/ojdbc/orai18n/19.3.0.0/gdk_custom.jar
2022-11-12 14:32:53.962  INFO 33808 --- [restartedMain] .e.DevToolsPropertyDefaultsPostProcessor : Devtools property defaults active! Set 'spring.devtools.add-properties' to 'false' to disable
2022-11-12 14:32:53.962  INFO 33808 --- [restartedMain] .e.DevToolsPropertyDefaultsPostProcessor : For additional web related logging consider setting the 'logging.level.web' property to 'DEBUG'
2022-11-12 14:32:54.984  INFO 33808 --- [restartedMain] .s.d.r.c.RepositoryConfigurationDelegate : Bootstrapping Spring Data JPA repositories in DEFAULT mode.
2022-11-12 14:32:55.072  INFO 33808 --- [restartedMain] .s.d.r.c.RepositoryConfigurationDelegate : Finished Spring Data repository scanning in 78 ms. Found 2 JPA repository interfaces.
2022-11-12 14:32:56.138  INFO 33808 --- [restartedMain] o.s.b.w.embedded.tomcat.TomcatWebServer  : Tomcat initialized with port(s): 8080 (http)
2022-11-12 14:32:56.158  INFO 33808 --- [restartedMain] o.apache.catalina.core.StandardService   : Starting service [Tomcat]
2022-11-12 14:32:56.158  INFO 33808 --- [restartedMain] org.apache.catalina.core.StandardEngine  : Starting Servlet engine: [Apache Tomcat/9.0.65]
2022-11-12 14:32:56.317  INFO 33808 --- [restartedMain] o.a.c.c.C.[Tomcat].[localhost].[/]       : Initializing Spring embedded WebApplicationContext
2022-11-12 14:32:56.318  INFO 33808 --- [restartedMain] w.s.c.ServletWebServerApplicationContext : Root WebApplicationContext: initialization completed in 2355 ms
2022-11-12 14:32:56.724  INFO 33808 --- [restartedMain] com.zaxxer.hikari.HikariDataSource       : HikariPool-1 - Starting...
2022-11-12 14:32:56.729  WARN 33808 --- [restartedMain] com.zaxxer.hikari.util.DriverDataSource  : Registered driver with driverClassName=oracle.jdbc.driver.OracleDriver was not found, trying direct instantiation.
2022-11-12 14:32:57.069  INFO 33808 --- [restartedMain] com.zaxxer.hikari.HikariDataSource       : HikariPool-1 - Start completed.
2022-11-12 14:32:57.158  INFO 33808 --- [restartedMain] o.hibernate.jpa.internal.util.LogHelper  : HHH000204: Processing PersistenceUnitInfo [name: default]
2022-11-12 14:32:57.291  INFO 33808 --- [restartedMain] org.hibernate.Version                    : HHH000412: Hibernate ORM core version 5.6.11.Final
2022-11-12 14:32:57.575  INFO 33808 --- [restartedMain] o.hibernate.annotations.common.Version   : HCANN000001: Hibernate Commons Annotations {5.1.2.Final}
2022-11-12 14:32:57.868  INFO 33808 --- [restartedMain] org.hibernate.dialect.Dialect            : HHH000400: Using dialect: org.hibernate.dialect.Oracle12cDialect
2022-11-12 14:32:58.544  INFO 7656 --- [restartedMain] c.e.javaproject.JavaprojectApplication   : Starting JavaprojectApplication using Java 17.0.2 on DESKTOP-6BQAJ6M with PID 7656 (D:\University\javaproject\target\classes started by Lenovo in D:\University\javaproject)
2022-11-12 14:32:58.546  INFO 7656 --- [restartedMain] c.e.javaproject.JavaprojectApplication   : No active profile set, falling back to 1 default profile: "default"
2022-11-12 14:32:58.635  INFO 7656 --- [restartedMain] o.s.b.devtools.restart.ChangeableUrls    : The Class-Path manifest attribute in C:\Users\Lenovo\.m2\repository\com\oracle\database\jdbc\ojdbc8\21.7.0.0\ojdbc8-21.7.0.0.jar referenced one or more files that do not exist: file:/C:/Users/Lenovo/.m2/repository/com/oracle/database/jdbc/ojdbc8/21.7.0.0/oraclepki.jar
2022-11-12 14:32:58.636  INFO 7656 --- [restartedMain] o.s.b.devtools.restart.ChangeableUrls    : The Class-Path manifest attribute in C:\Users\Lenovo\.m2\repository\com\oracle\ojdbc\orai18n\19.3.0.0\orai18n-19.3.0.0.jar referenced one or more files that do not exist: file:/C:/Users/Lenovo/.m2/repository/com/oracle/ojdbc/orai18n/19.3.0.0/orai18n-mapping.jar,file:/C:/Users/Lenovo/.m2/repository/com/oracle/ojdbc/orai18n/19.3.0.0/orai18n-utility.jar,file:/C:/Users/Lenovo/.m2/repository/com/oracle/ojdbc/orai18n/19.3.0.0/orai18n-collation.jar,file:/C:/Users/Lenovo/.m2/repository/com/oracle/ojdbc/orai18n/19.3.0.0/orai18n-translation.jar,file:/C:/Users/Lenovo/.m2/repository/com/oracle/ojdbc/orai18n/19.3.0.0/orai18n-net.jar,file:/C:/Users/Lenovo/.m2/repository/com/oracle/ojdbc/orai18n/19.3.0.0/orai18n-servlet.jar,file:/C:/Users/Lenovo/.m2/repository/com/oracle/ojdbc/orai18n/19.3.0.0/orai18n-lcsd.jar,file:/C:/Users/Lenovo/.m2/repository/com/oracle/ojdbc/orai18n/19.3.0.0/orai18n-tools.jar,file:/C:/Users/Lenovo/.m2/repository/com/oracle/ojdbc/orai18n/19.3.0.0/gdk_custom.jar
2022-11-12 14:32:58.636  INFO 7656 --- [restartedMain] .e.DevToolsPropertyDefaultsPostProcessor : Devtools property defaults active! Set 'spring.devtools.add-properties' to 'false' to disable
2022-11-12 14:32:58.636  INFO 7656 --- [restartedMain] .e.DevToolsPropertyDefaultsPostProcessor : For additional web related logging consider setting the 'logging.level.web' property to 'DEBUG'
2022-11-12 14:32:58.889  INFO 33808 --- [restartedMain] o.h.e.t.j.p.i.JtaPlatformInitiator       : HHH000490: Using JtaPlatform implementation: [org.hibernate.engine.transaction.jta.platform.internal.NoJtaPlatform]
2022-11-12 14:32:58.900  INFO 33808 --- [restartedMain] j.LocalContainerEntityManagerFactoryBean : Initialized JPA EntityManagerFactory for persistence unit 'default'
2022-11-12 14:32:59.382  WARN 33808 --- [restartedMain] JpaBaseConfiguration$JpaWebConfiguration : spring.jpa.open-in-view is enabled by default. Therefore, database queries may be performed during view rendering. Explicitly configure spring.jpa.open-in-view to disable this warning
2022-11-12 14:32:59.576  INFO 33808 --- [restartedMain] o.s.s.web.DefaultSecurityFilterChain     : Will secure any request with [org.springframework.security.web.session.DisableEncodeUrlFilter@120d2f49, org.springframework.security.web.context.request.async.WebAsyncManagerIntegrationFilter@1aae3974, org.springframework.security.web.context.SecurityContextPersistenceFilter@65cc7636, org.springframework.security.web.header.HeaderWriterFilter@7916319f, org.springframework.security.web.authentication.logout.LogoutFilter@10cd4f90, com.example.javaproject.jwt.CustomAuthorizationFilter@40fd0808, org.springframework.security.web.savedrequest.RequestCacheAwareFilter@7ee5c03c, org.springframework.security.web.servletapi.SecurityContextHolderAwareRequestFilter@2f625f2c, org.springframework.security.web.authentication.AnonymousAuthenticationFilter@4ee77885, org.springframework.security.web.session.SessionManagementFilter@55f92575, org.springframework.security.web.access.ExceptionTranslationFilter@3d76ec1, org.springframework.security.web.access.intercept.FilterSecurityInterceptor@661c0c62]
2022-11-12 14:32:59.648  INFO 7656 --- [restartedMain] .s.d.r.c.RepositoryConfigurationDelegate : Bootstrapping Spring Data JPA repositories in DEFAULT mode.
2022-11-12 14:32:59.737  INFO 7656 --- [restartedMain] .s.d.r.c.RepositoryConfigurationDelegate : Finished Spring Data repository scanning in 74 ms. Found 2 JPA repository interfaces.
2022-11-12 14:33:00.097  INFO 33808 --- [restartedMain] o.s.b.d.a.OptionalLiveReloadServer       : LiveReload server is running on port 35729
2022-11-12 14:33:00.159  INFO 33808 --- [restartedMain] o.s.b.w.embedded.tomcat.TomcatWebServer  : Tomcat started on port(s): 8080 (http) with context path ''
2022-11-12 14:33:00.173  INFO 33808 --- [restartedMain] c.e.javaproject.JavaprojectApplication   : Started JavaprojectApplication in 6.748 seconds (JVM running for 7.664)
2022-11-12 14:33:00.602  INFO 7656 --- [restartedMain] o.s.b.w.embedded.tomcat.TomcatWebServer  : Tomcat initialized with port(s): 8080 (http)
2022-11-12 14:33:00.614  INFO 7656 --- [restartedMain] o.apache.catalina.core.StandardService   : Starting service [Tomcat]
2022-11-12 14:33:00.614  INFO 7656 --- [restartedMain] org.apache.catalina.core.StandardEngine  : Starting Servlet engine: [Apache Tomcat/9.0.65]
2022-11-12 14:33:00.716  INFO 7656 --- [restartedMain] o.a.c.c.C.[Tomcat].[localhost].[/]       : Initializing Spring embedded WebApplicationContext
2022-11-12 14:33:00.716  INFO 7656 --- [restartedMain] w.s.c.ServletWebServerApplicationContext : Root WebApplicationContext: initialization completed in 2079 ms
2022-11-12 14:33:01.186  INFO 7656 --- [restartedMain] com.zaxxer.hikari.HikariDataSource       : HikariPool-1 - Starting...
2022-11-12 14:33:01.191  WARN 7656 --- [restartedMain] com.zaxxer.hikari.util.DriverDataSource  : Registered driver with driverClassName=oracle.jdbc.driver.OracleDriver was not found, trying direct instantiation.
2022-11-12 14:33:01.482  INFO 7656 --- [restartedMain] com.zaxxer.hikari.HikariDataSource       : HikariPool-1 - Start completed.
2022-11-12 14:33:01.573  INFO 7656 --- [restartedMain] o.hibernate.jpa.internal.util.LogHelper  : HHH000204: Processing PersistenceUnitInfo [name: default]
2022-11-12 14:33:01.631  INFO 7656 --- [restartedMain] org.hibernate.Version                    : HHH000412: Hibernate ORM core version 5.6.11.Final
2022-11-12 14:33:01.829  INFO 7656 --- [restartedMain] o.hibernate.annotations.common.Version   : HCANN000001: Hibernate Commons Annotations {5.1.2.Final}
2022-11-12 14:33:01.970  INFO 7656 --- [restartedMain] org.hibernate.dialect.Dialect            : HHH000400: Using dialect: org.hibernate.dialect.Oracle12cDialect
2022-11-12 14:33:02.702  INFO 7656 --- [restartedMain] o.h.e.t.j.p.i.JtaPlatformInitiator       : HHH000490: Using JtaPlatform implementation: [org.hibernate.engine.transaction.jta.platform.internal.NoJtaPlatform]
2022-11-12 14:33:02.714  INFO 7656 --- [restartedMain] j.LocalContainerEntityManagerFactoryBean : Initialized JPA EntityManagerFactory for persistence unit 'default'
2022-11-12 14:33:03.299  WARN 7656 --- [restartedMain] JpaBaseConfiguration$JpaWebConfiguration : spring.jpa.open-in-view is enabled by default. Therefore, database queries may be performed during view rendering. Explicitly configure spring.jpa.open-in-view to disable this warning
2022-11-12 14:33:03.500  INFO 7656 --- [restartedMain] o.s.s.web.DefaultSecurityFilterChain     : Will secure any request with [org.springframework.security.web.session.DisableEncodeUrlFilter@3d699b16, org.springframework.security.web.context.request.async.WebAsyncManagerIntegrationFilter@3e89b780, org.springframework.security.web.context.SecurityContextPersistenceFilter@6306b88c, org.springframework.security.web.header.HeaderWriterFilter@5affa1e2, org.springframework.security.web.authentication.logout.LogoutFilter@76591b7c, com.example.javaproject.jwt.CustomAuthorizationFilter@8d809de, org.springframework.security.web.savedrequest.RequestCacheAwareFilter@2d0f4e81, org.springframework.security.web.servletapi.SecurityContextHolderAwareRequestFilter@4f59b27f, org.springframework.security.web.authentication.AnonymousAuthenticationFilter@14213aa2, org.springframework.security.web.session.SessionManagementFilter@34427616, org.springframework.security.web.access.ExceptionTranslationFilter@4460fa23, org.springframework.security.web.access.intercept.FilterSecurityInterceptor@66869c86]
2022-11-12 14:33:03.982  WARN 7656 --- [restartedMain] o.s.b.d.a.OptionalLiveReloadServer       : Unable to start LiveReload server
2022-11-12 14:33:04.012  WARN 7656 --- [restartedMain] ConfigServletWebServerApplicationContext : Exception encountered during context initialization - cancelling refresh attempt: org.springframework.context.ApplicationContextException: Failed to start bean 'webServerStartStop'; nested exception is org.springframework.boot.web.server.PortInUseException: Port 8080 is already in use
2022-11-12 14:33:04.016  INFO 7656 --- [restartedMain] j.LocalContainerEntityManagerFactoryBean : Closing JPA EntityManagerFactory for persistence unit 'default'
2022-11-12 14:33:04.018  INFO 7656 --- [restartedMain] com.zaxxer.hikari.HikariDataSource       : HikariPool-1 - Shutdown initiated...
2022-11-12 14:33:04.055  INFO 7656 --- [restartedMain] com.zaxxer.hikari.HikariDataSource       : HikariPool-1 - Shutdown completed.
2022-11-12 14:33:04.060  INFO 7656 --- [restartedMain] o.apache.catalina.core.StandardService   : Stopping service [Tomcat]
2022-11-12 14:33:04.080  INFO 7656 --- [restartedMain] ConditionEvaluationReportLoggingListener : 

Error starting ApplicationContext. To display the conditions report re-run your application with 'debug' enabled.
2022-11-12 14:33:04.121 ERROR 7656 --- [restartedMain] o.s.b.d.LoggingFailureAnalysisReporter   : 

***************************
APPLICATION FAILED TO START
***************************

Description:

Web server failed to start. Port 8080 was already in use.

Action:

Identify and stop the process that's listening on port 8080 or configure this application to listen on another port.

2022-11-12 14:33:20.023  INFO 33808 --- [SpringApplicationShutdownHook] j.LocalContainerEntityManagerFactoryBean : Closing JPA EntityManagerFactory for persistence unit 'default'
2022-11-12 14:33:20.025  INFO 33808 --- [SpringApplicationShutdownHook] com.zaxxer.hikari.HikariDataSource       : HikariPool-1 - Shutdown initiated...
2022-11-12 14:33:20.077  INFO 33808 --- [SpringApplicationShutdownHook] com.zaxxer.hikari.HikariDataSource       : HikariPool-1 - Shutdown completed.
2022-11-12 14:33:25.349  INFO 33460 --- [restartedMain] c.e.javaproject.JavaprojectApplication   : Starting JavaprojectApplication using Java 17.0.2 on DESKTOP-6BQAJ6M with PID 33460 (D:\University\javaproject\target\classes started by Lenovo in D:\University\javaproject)
2022-11-12 14:33:25.351  INFO 33460 --- [restartedMain] c.e.javaproject.JavaprojectApplication   : No active profile set, falling back to 1 default profile: "default"
2022-11-12 14:33:25.429  INFO 33460 --- [restartedMain] o.s.b.devtools.restart.ChangeableUrls    : The Class-Path manifest attribute in C:\Users\Lenovo\.m2\repository\com\oracle\database\jdbc\ojdbc8\21.7.0.0\ojdbc8-21.7.0.0.jar referenced one or more files that do not exist: file:/C:/Users/Lenovo/.m2/repository/com/oracle/database/jdbc/ojdbc8/21.7.0.0/oraclepki.jar
2022-11-12 14:33:25.429  INFO 33460 --- [restartedMain] o.s.b.devtools.restart.ChangeableUrls    : The Class-Path manifest attribute in C:\Users\Lenovo\.m2\repository\com\oracle\ojdbc\orai18n\19.3.0.0\orai18n-19.3.0.0.jar referenced one or more files that do not exist: file:/C:/Users/Lenovo/.m2/repository/com/oracle/ojdbc/orai18n/19.3.0.0/orai18n-mapping.jar,file:/C:/Users/Lenovo/.m2/repository/com/oracle/ojdbc/orai18n/19.3.0.0/orai18n-utility.jar,file:/C:/Users/Lenovo/.m2/repository/com/oracle/ojdbc/orai18n/19.3.0.0/orai18n-collation.jar,file:/C:/Users/Lenovo/.m2/repository/com/oracle/ojdbc/orai18n/19.3.0.0/orai18n-translation.jar,file:/C:/Users/Lenovo/.m2/repository/com/oracle/ojdbc/orai18n/19.3.0.0/orai18n-net.jar,file:/C:/Users/Lenovo/.m2/repository/com/oracle/ojdbc/orai18n/19.3.0.0/orai18n-servlet.jar,file:/C:/Users/Lenovo/.m2/repository/com/oracle/ojdbc/orai18n/19.3.0.0/orai18n-lcsd.jar,file:/C:/Users/Lenovo/.m2/repository/com/oracle/ojdbc/orai18n/19.3.0.0/orai18n-tools.jar,file:/C:/Users/Lenovo/.m2/repository/com/oracle/ojdbc/orai18n/19.3.0.0/gdk_custom.jar
2022-11-12 14:33:25.429  INFO 33460 --- [restartedMain] .e.DevToolsPropertyDefaultsPostProcessor : Devtools property defaults active! Set 'spring.devtools.add-properties' to 'false' to disable
2022-11-12 14:33:25.429  INFO 33460 --- [restartedMain] .e.DevToolsPropertyDefaultsPostProcessor : For additional web related logging consider setting the 'logging.level.web' property to 'DEBUG'
2022-11-12 14:33:26.272  INFO 33460 --- [restartedMain] .s.d.r.c.RepositoryConfigurationDelegate : Bootstrapping Spring Data JPA repositories in DEFAULT mode.
2022-11-12 14:33:26.346  INFO 33460 --- [restartedMain] .s.d.r.c.RepositoryConfigurationDelegate : Finished Spring Data repository scanning in 64 ms. Found 2 JPA repository interfaces.
2022-11-12 14:33:27.087  INFO 33460 --- [restartedMain] o.s.b.w.embedded.tomcat.TomcatWebServer  : Tomcat initialized with port(s): 8080 (http)
2022-11-12 14:33:27.099  INFO 33460 --- [restartedMain] o.apache.catalina.core.StandardService   : Starting service [Tomcat]
2022-11-12 14:33:27.099  INFO 33460 --- [restartedMain] org.apache.catalina.core.StandardEngine  : Starting Servlet engine: [Apache Tomcat/9.0.65]
2022-11-12 14:33:27.232  INFO 33460 --- [restartedMain] o.a.c.c.C.[Tomcat].[localhost].[/]       : Initializing Spring embedded WebApplicationContext
2022-11-12 14:33:27.232  INFO 33460 --- [restartedMain] w.s.c.ServletWebServerApplicationContext : Root WebApplicationContext: initialization completed in 1803 ms
2022-11-12 14:33:27.432  INFO 33460 --- [restartedMain] com.zaxxer.hikari.HikariDataSource       : HikariPool-1 - Starting...
2022-11-12 14:33:27.435  WARN 33460 --- [restartedMain] com.zaxxer.hikari.util.DriverDataSource  : Registered driver with driverClassName=oracle.jdbc.driver.OracleDriver was not found, trying direct instantiation.
2022-11-12 14:33:27.686  INFO 33460 --- [restartedMain] com.zaxxer.hikari.HikariDataSource       : HikariPool-1 - Start completed.
2022-11-12 14:33:27.729  INFO 33460 --- [restartedMain] o.hibernate.jpa.internal.util.LogHelper  : HHH000204: Processing PersistenceUnitInfo [name: default]
2022-11-12 14:33:27.781  INFO 33460 --- [restartedMain] org.hibernate.Version                    : HHH000412: Hibernate ORM core version 5.6.11.Final
2022-11-12 14:33:27.975  INFO 33460 --- [restartedMain] o.hibernate.annotations.common.Version   : HCANN000001: Hibernate Commons Annotations {5.1.2.Final}
2022-11-12 14:33:28.134  INFO 33460 --- [restartedMain] org.hibernate.dialect.Dialect            : HHH000400: Using dialect: org.hibernate.dialect.Oracle12cDialect
2022-11-12 14:33:28.839  INFO 33460 --- [restartedMain] o.h.e.t.j.p.i.JtaPlatformInitiator       : HHH000490: Using JtaPlatform implementation: [org.hibernate.engine.transaction.jta.platform.internal.NoJtaPlatform]
2022-11-12 14:33:28.850  INFO 33460 --- [restartedMain] j.LocalContainerEntityManagerFactoryBean : Initialized JPA EntityManagerFactory for persistence unit 'default'
2022-11-12 14:33:29.309  WARN 33460 --- [restartedMain] JpaBaseConfiguration$JpaWebConfiguration : spring.jpa.open-in-view is enabled by default. Therefore, database queries may be performed during view rendering. Explicitly configure spring.jpa.open-in-view to disable this warning
2022-11-12 14:33:29.621  INFO 33460 --- [restartedMain] o.s.s.web.DefaultSecurityFilterChain     : Will secure any request with [org.springframework.security.web.session.DisableEncodeUrlFilter@50e2748a, org.springframework.security.web.context.request.async.WebAsyncManagerIntegrationFilter@4bb30c14, org.springframework.security.web.context.SecurityContextPersistenceFilter@3321ba38, org.springframework.security.web.header.HeaderWriterFilter@36a76a39, org.springframework.security.web.authentication.logout.LogoutFilter@11a5cf73, com.example.javaproject.jwt.CustomAuthorizationFilter@2e88f8d0, org.springframework.security.web.savedrequest.RequestCacheAwareFilter@74a0c476, org.springframework.security.web.servletapi.SecurityContextHolderAwareRequestFilter@3dab6bcc, org.springframework.security.web.authentication.AnonymousAuthenticationFilter@76e95a71, org.springframework.security.web.session.SessionManagementFilter@79612f0a, org.springframework.security.web.access.ExceptionTranslationFilter@3ddddb7, org.springframework.security.web.access.intercept.FilterSecurityInterceptor@5c427cb3]
2022-11-12 14:33:30.079  INFO 33460 --- [restartedMain] o.s.b.d.a.OptionalLiveReloadServer       : LiveReload server is running on port 35729
2022-11-12 14:33:30.140  INFO 33460 --- [restartedMain] o.s.b.w.embedded.tomcat.TomcatWebServer  : Tomcat started on port(s): 8080 (http) with context path ''
2022-11-12 14:33:30.155  INFO 33460 --- [restartedMain] c.e.javaproject.JavaprojectApplication   : Started JavaprojectApplication in 5.331 seconds (JVM running for 6.647)
2022-11-12 14:33:42.718  INFO 33460 --- [http-nio-8080-exec-1] o.a.c.c.C.[Tomcat].[localhost].[/]       : Initializing Spring DispatcherServlet 'dispatcherServlet'
2022-11-12 14:33:42.718  INFO 33460 --- [http-nio-8080-exec-1] o.s.web.servlet.DispatcherServlet        : Initializing Servlet 'dispatcherServlet'
2022-11-12 14:33:42.720  INFO 33460 --- [http-nio-8080-exec-1] o.s.web.servlet.DispatcherServlet        : Completed initialization in 1 ms
2022-11-12 14:33:57.190 DEBUG 33460 --- [http-nio-8080-exec-5] org.hibernate.SQL                        : select user0_.email as email1_1_, user0_.password as password2_1_, user0_.role_id as role_id4_1_, user0_.username as username3_1_ from users user0_
2022-11-12 14:33:57.326 DEBUG 33460 --- [http-nio-8080-exec-5] org.hibernate.SQL                        : select role0_.id as id1_0_0_, role0_.name as name2_0_0_ from userroles role0_ where role0_.id=?
2022-11-12 14:34:19.712  INFO 33460 --- [SpringApplicationShutdownHook] j.LocalContainerEntityManagerFactoryBean : Closing JPA EntityManagerFactory for persistence unit 'default'
2022-11-12 14:34:19.714  INFO 33460 --- [SpringApplicationShutdownHook] com.zaxxer.hikari.HikariDataSource       : HikariPool-1 - Shutdown initiated...
2022-11-12 14:34:19.765  INFO 33460 --- [SpringApplicationShutdownHook] com.zaxxer.hikari.HikariDataSource       : HikariPool-1 - Shutdown completed.
2022-11-12 15:26:25.690  INFO 36800 --- [restartedMain] c.e.javaproject.JavaprojectApplication   : Starting JavaprojectApplication using Java 17.0.2 on DESKTOP-6BQAJ6M with PID 36800 (D:\University\javaproject\target\classes started by Lenovo in D:\University\javaproject)
2022-11-12 15:26:25.693  INFO 36800 --- [restartedMain] c.e.javaproject.JavaprojectApplication   : No active profile set, falling back to 1 default profile: "default"
2022-11-12 15:26:25.751  INFO 36800 --- [restartedMain] o.s.b.devtools.restart.ChangeableUrls    : The Class-Path manifest attribute in C:\Users\Lenovo\.m2\repository\com\oracle\database\jdbc\ojdbc8\21.7.0.0\ojdbc8-21.7.0.0.jar referenced one or more files that do not exist: file:/C:/Users/Lenovo/.m2/repository/com/oracle/database/jdbc/ojdbc8/21.7.0.0/oraclepki.jar
2022-11-12 15:26:25.752  INFO 36800 --- [restartedMain] o.s.b.devtools.restart.ChangeableUrls    : The Class-Path manifest attribute in C:\Users\Lenovo\.m2\repository\com\oracle\ojdbc\orai18n\19.3.0.0\orai18n-19.3.0.0.jar referenced one or more files that do not exist: file:/C:/Users/Lenovo/.m2/repository/com/oracle/ojdbc/orai18n/19.3.0.0/orai18n-mapping.jar,file:/C:/Users/Lenovo/.m2/repository/com/oracle/ojdbc/orai18n/19.3.0.0/orai18n-utility.jar,file:/C:/Users/Lenovo/.m2/repository/com/oracle/ojdbc/orai18n/19.3.0.0/orai18n-collation.jar,file:/C:/Users/Lenovo/.m2/repository/com/oracle/ojdbc/orai18n/19.3.0.0/orai18n-translation.jar,file:/C:/Users/Lenovo/.m2/repository/com/oracle/ojdbc/orai18n/19.3.0.0/orai18n-net.jar,file:/C:/Users/Lenovo/.m2/repository/com/oracle/ojdbc/orai18n/19.3.0.0/orai18n-servlet.jar,file:/C:/Users/Lenovo/.m2/repository/com/oracle/ojdbc/orai18n/19.3.0.0/orai18n-lcsd.jar,file:/C:/Users/Lenovo/.m2/repository/com/oracle/ojdbc/orai18n/19.3.0.0/orai18n-tools.jar,file:/C:/Users/Lenovo/.m2/repository/com/oracle/ojdbc/orai18n/19.3.0.0/gdk_custom.jar
2022-11-12 15:26:25.752  INFO 36800 --- [restartedMain] .e.DevToolsPropertyDefaultsPostProcessor : Devtools property defaults active! Set 'spring.devtools.add-properties' to 'false' to disable
2022-11-12 15:26:25.752  INFO 36800 --- [restartedMain] .e.DevToolsPropertyDefaultsPostProcessor : For additional web related logging consider setting the 'logging.level.web' property to 'DEBUG'
2022-11-12 15:26:26.619  INFO 36800 --- [restartedMain] .s.d.r.c.RepositoryConfigurationDelegate : Bootstrapping Spring Data JPA repositories in DEFAULT mode.
2022-11-12 15:26:26.693  INFO 36800 --- [restartedMain] .s.d.r.c.RepositoryConfigurationDelegate : Finished Spring Data repository scanning in 63 ms. Found 2 JPA repository interfaces.
2022-11-12 15:26:27.427  INFO 36800 --- [restartedMain] o.s.b.w.embedded.tomcat.TomcatWebServer  : Tomcat initialized with port(s): 8080 (http)
2022-11-12 15:26:27.438  INFO 36800 --- [restartedMain] o.apache.catalina.core.StandardService   : Starting service [Tomcat]
2022-11-12 15:26:27.439  INFO 36800 --- [restartedMain] org.apache.catalina.core.StandardEngine  : Starting Servlet engine: [Apache Tomcat/9.0.65]
2022-11-12 15:26:27.536  INFO 36800 --- [restartedMain] o.a.c.c.C.[Tomcat].[localhost].[/]       : Initializing Spring embedded WebApplicationContext
2022-11-12 15:26:27.536  INFO 36800 --- [restartedMain] w.s.c.ServletWebServerApplicationContext : Root WebApplicationContext: initialization completed in 1783 ms
2022-11-12 15:26:27.777  INFO 36800 --- [restartedMain] com.zaxxer.hikari.HikariDataSource       : HikariPool-1 - Starting...
2022-11-12 15:26:27.780  WARN 36800 --- [restartedMain] com.zaxxer.hikari.util.DriverDataSource  : Registered driver with driverClassName=oracle.jdbc.driver.OracleDriver was not found, trying direct instantiation.
2022-11-12 15:26:28.042  INFO 36800 --- [restartedMain] com.zaxxer.hikari.HikariDataSource       : HikariPool-1 - Start completed.
2022-11-12 15:26:28.096  INFO 36800 --- [restartedMain] o.hibernate.jpa.internal.util.LogHelper  : HHH000204: Processing PersistenceUnitInfo [name: default]
2022-11-12 15:26:28.187  INFO 36800 --- [restartedMain] org.hibernate.Version                    : HHH000412: Hibernate ORM core version 5.6.11.Final
2022-11-12 15:26:28.398  INFO 36800 --- [restartedMain] o.hibernate.annotations.common.Version   : HCANN000001: Hibernate Commons Annotations {5.1.2.Final}
2022-11-12 15:26:28.549  INFO 36800 --- [restartedMain] org.hibernate.dialect.Dialect            : HHH000400: Using dialect: org.hibernate.dialect.Oracle12cDialect
2022-11-12 15:26:29.279  INFO 36800 --- [restartedMain] o.h.e.t.j.p.i.JtaPlatformInitiator       : HHH000490: Using JtaPlatform implementation: [org.hibernate.engine.transaction.jta.platform.internal.NoJtaPlatform]
2022-11-12 15:26:29.288  INFO 36800 --- [restartedMain] j.LocalContainerEntityManagerFactoryBean : Initialized JPA EntityManagerFactory for persistence unit 'default'
2022-11-12 15:26:29.723  WARN 36800 --- [restartedMain] JpaBaseConfiguration$JpaWebConfiguration : spring.jpa.open-in-view is enabled by default. Therefore, database queries may be performed during view rendering. Explicitly configure spring.jpa.open-in-view to disable this warning
2022-11-12 15:26:29.918  INFO 36800 --- [restartedMain] o.s.s.web.DefaultSecurityFilterChain     : Will secure any request with [org.springframework.security.web.session.DisableEncodeUrlFilter@62e6493f, org.springframework.security.web.context.request.async.WebAsyncManagerIntegrationFilter@2ec005fe, org.springframework.security.web.context.SecurityContextPersistenceFilter@3e8706eb, org.springframework.security.web.header.HeaderWriterFilter@6c04592c, org.springframework.security.web.authentication.logout.LogoutFilter@3972e693, com.example.javaproject.jwt.CustomAuthorizationFilter@43792c14, org.springframework.security.web.savedrequest.RequestCacheAwareFilter@2b859acc, org.springframework.security.web.servletapi.SecurityContextHolderAwareRequestFilter@3e747788, org.springframework.security.web.authentication.AnonymousAuthenticationFilter@403623fc, org.springframework.security.web.session.SessionManagementFilter@520f82b2, org.springframework.security.web.access.ExceptionTranslationFilter@41e286d3, org.springframework.security.web.access.intercept.FilterSecurityInterceptor@51182d9d]
2022-11-12 15:26:30.376  INFO 36800 --- [restartedMain] o.s.b.d.a.OptionalLiveReloadServer       : LiveReload server is running on port 35729
2022-11-12 15:26:30.467  INFO 36800 --- [restartedMain] o.s.b.w.embedded.tomcat.TomcatWebServer  : Tomcat started on port(s): 8080 (http) with context path ''
2022-11-12 15:26:30.496  INFO 36800 --- [restartedMain] c.e.javaproject.JavaprojectApplication   : Started JavaprojectApplication in 5.34 seconds (JVM running for 6.53)
2022-11-12 15:26:39.855  INFO 36800 --- [http-nio-8080-exec-1] o.a.c.c.C.[Tomcat].[localhost].[/]       : Initializing Spring DispatcherServlet 'dispatcherServlet'
2022-11-12 15:26:39.855  INFO 36800 --- [http-nio-8080-exec-1] o.s.web.servlet.DispatcherServlet        : Initializing Servlet 'dispatcherServlet'
2022-11-12 15:26:39.858  INFO 36800 --- [http-nio-8080-exec-1] o.s.web.servlet.DispatcherServlet        : Completed initialization in 2 ms
2022-11-12 15:26:47.448  INFO 36800 --- [SpringApplicationShutdownHook] j.LocalContainerEntityManagerFactoryBean : Closing JPA EntityManagerFactory for persistence unit 'default'
2022-11-12 15:26:47.451  INFO 36800 --- [SpringApplicationShutdownHook] com.zaxxer.hikari.HikariDataSource       : HikariPool-1 - Shutdown initiated...
2022-11-12 15:26:47.500  INFO 36800 --- [SpringApplicationShutdownHook] com.zaxxer.hikari.HikariDataSource       : HikariPool-1 - Shutdown completed.
